ARM GAS  /tmp/ccDWDT1y.s 			page 1


   1              		.cpu cortex-m4
   2              		.eabi_attribute 27, 1
   3              		.eabi_attribute 28, 1
   4              		.eabi_attribute 20, 1
   5              		.eabi_attribute 21, 1
   6              		.eabi_attribute 23, 3
   7              		.eabi_attribute 24, 1
   8              		.eabi_attribute 25, 1
   9              		.eabi_attribute 26, 1
  10              		.eabi_attribute 30, 1
  11              		.eabi_attribute 34, 1
  12              		.eabi_attribute 18, 4
  13              		.file	"i2c.c"
  14              		.text
  15              	.Ltext0:
  16              		.cfi_sections	.debug_frame
  17              		.section	.text.MX_I2C1_Init,"ax",%progbits
  18              		.align	1
  19              		.global	MX_I2C1_Init
  20              		.arch armv7e-m
  21              		.syntax unified
  22              		.thumb
  23              		.thumb_func
  24              		.fpu fpv4-sp-d16
  26              	MX_I2C1_Init:
  27              	.LFB130:
  28              		.file 1 "Core/Src/i2c.c"
   1:Core/Src/i2c.c **** /* USER CODE BEGIN Header */
   2:Core/Src/i2c.c **** /**
   3:Core/Src/i2c.c ****   ******************************************************************************
   4:Core/Src/i2c.c ****   * @file    i2c.c
   5:Core/Src/i2c.c ****   * @brief   This file provides code for the configuration
   6:Core/Src/i2c.c ****   *          of the I2C instances.
   7:Core/Src/i2c.c ****   ******************************************************************************
   8:Core/Src/i2c.c ****   * @attention
   9:Core/Src/i2c.c ****   *
  10:Core/Src/i2c.c ****   * Copyright (c) 2022 STMicroelectronics.
  11:Core/Src/i2c.c ****   * All rights reserved.
  12:Core/Src/i2c.c ****   *
  13:Core/Src/i2c.c ****   * This software is licensed under terms that can be found in the LICENSE file
  14:Core/Src/i2c.c ****   * in the root directory of this software component.
  15:Core/Src/i2c.c ****   * If no LICENSE file comes with this software, it is provided AS-IS.
  16:Core/Src/i2c.c ****   *
  17:Core/Src/i2c.c ****   ******************************************************************************
  18:Core/Src/i2c.c ****   */
  19:Core/Src/i2c.c **** /* USER CODE END Header */
  20:Core/Src/i2c.c **** /* Includes ------------------------------------------------------------------*/
  21:Core/Src/i2c.c **** #include "i2c.h"
  22:Core/Src/i2c.c **** 
  23:Core/Src/i2c.c **** /* USER CODE BEGIN 0 */
  24:Core/Src/i2c.c **** 
  25:Core/Src/i2c.c **** /* USER CODE END 0 */
  26:Core/Src/i2c.c **** 
  27:Core/Src/i2c.c **** I2C_HandleTypeDef hi2c1;
  28:Core/Src/i2c.c **** I2C_HandleTypeDef hi2c3;
  29:Core/Src/i2c.c **** 
  30:Core/Src/i2c.c **** /* I2C1 init function */
ARM GAS  /tmp/ccDWDT1y.s 			page 2


  31:Core/Src/i2c.c **** void MX_I2C1_Init(void)
  32:Core/Src/i2c.c **** {
  29              		.loc 1 32 1 view -0
  30              		.cfi_startproc
  31              		@ args = 0, pretend = 0, frame = 0
  32              		@ frame_needed = 0, uses_anonymous_args = 0
  33 0000 08B5     		push	{r3, lr}
  34              	.LCFI0:
  35              		.cfi_def_cfa_offset 8
  36              		.cfi_offset 3, -8
  37              		.cfi_offset 14, -4
  33:Core/Src/i2c.c **** 
  34:Core/Src/i2c.c ****   /* USER CODE BEGIN I2C1_Init 0 */
  35:Core/Src/i2c.c **** 
  36:Core/Src/i2c.c ****   /* USER CODE END I2C1_Init 0 */
  37:Core/Src/i2c.c **** 
  38:Core/Src/i2c.c ****   /* USER CODE BEGIN I2C1_Init 1 */
  39:Core/Src/i2c.c **** 
  40:Core/Src/i2c.c ****   /* USER CODE END I2C1_Init 1 */
  41:Core/Src/i2c.c ****   hi2c1.Instance = I2C1;
  38              		.loc 1 41 3 view .LVU1
  39              		.loc 1 41 18 is_stmt 0 view .LVU2
  40 0002 0B48     		ldr	r0, .L5
  41 0004 0B4B     		ldr	r3, .L5+4
  42 0006 0360     		str	r3, [r0]
  42:Core/Src/i2c.c ****   hi2c1.Init.ClockSpeed = 100000;
  43              		.loc 1 42 3 is_stmt 1 view .LVU3
  44              		.loc 1 42 25 is_stmt 0 view .LVU4
  45 0008 0B4B     		ldr	r3, .L5+8
  46 000a 4360     		str	r3, [r0, #4]
  43:Core/Src/i2c.c ****   hi2c1.Init.DutyCycle = I2C_DUTYCYCLE_2;
  47              		.loc 1 43 3 is_stmt 1 view .LVU5
  48              		.loc 1 43 24 is_stmt 0 view .LVU6
  49 000c 0023     		movs	r3, #0
  50 000e 8360     		str	r3, [r0, #8]
  44:Core/Src/i2c.c ****   hi2c1.Init.OwnAddress1 = 0;
  51              		.loc 1 44 3 is_stmt 1 view .LVU7
  52              		.loc 1 44 26 is_stmt 0 view .LVU8
  53 0010 C360     		str	r3, [r0, #12]
  45:Core/Src/i2c.c ****   hi2c1.Init.AddressingMode = I2C_ADDRESSINGMODE_7BIT;
  54              		.loc 1 45 3 is_stmt 1 view .LVU9
  55              		.loc 1 45 29 is_stmt 0 view .LVU10
  56 0012 4FF48042 		mov	r2, #16384
  57 0016 0261     		str	r2, [r0, #16]
  46:Core/Src/i2c.c ****   hi2c1.Init.DualAddressMode = I2C_DUALADDRESS_DISABLE;
  58              		.loc 1 46 3 is_stmt 1 view .LVU11
  59              		.loc 1 46 30 is_stmt 0 view .LVU12
  60 0018 4361     		str	r3, [r0, #20]
  47:Core/Src/i2c.c ****   hi2c1.Init.OwnAddress2 = 0;
  61              		.loc 1 47 3 is_stmt 1 view .LVU13
  62              		.loc 1 47 26 is_stmt 0 view .LVU14
  63 001a 8361     		str	r3, [r0, #24]
  48:Core/Src/i2c.c ****   hi2c1.Init.GeneralCallMode = I2C_GENERALCALL_DISABLE;
  64              		.loc 1 48 3 is_stmt 1 view .LVU15
  65              		.loc 1 48 30 is_stmt 0 view .LVU16
  66 001c C361     		str	r3, [r0, #28]
  49:Core/Src/i2c.c ****   hi2c1.Init.NoStretchMode = I2C_NOSTRETCH_DISABLE;
ARM GAS  /tmp/ccDWDT1y.s 			page 3


  67              		.loc 1 49 3 is_stmt 1 view .LVU17
  68              		.loc 1 49 28 is_stmt 0 view .LVU18
  69 001e 0362     		str	r3, [r0, #32]
  50:Core/Src/i2c.c ****   if (HAL_I2C_Init(&hi2c1) != HAL_OK)
  70              		.loc 1 50 3 is_stmt 1 view .LVU19
  71              		.loc 1 50 7 is_stmt 0 view .LVU20
  72 0020 FFF7FEFF 		bl	HAL_I2C_Init
  73              	.LVL0:
  74              		.loc 1 50 6 view .LVU21
  75 0024 00B9     		cbnz	r0, .L4
  76              	.L1:
  51:Core/Src/i2c.c ****   {
  52:Core/Src/i2c.c ****     Error_Handler();
  53:Core/Src/i2c.c ****   }
  54:Core/Src/i2c.c ****   /* USER CODE BEGIN I2C1_Init 2 */
  55:Core/Src/i2c.c **** 
  56:Core/Src/i2c.c ****   /* USER CODE END I2C1_Init 2 */
  57:Core/Src/i2c.c **** 
  58:Core/Src/i2c.c **** }
  77              		.loc 1 58 1 view .LVU22
  78 0026 08BD     		pop	{r3, pc}
  79              	.L4:
  52:Core/Src/i2c.c ****   }
  80              		.loc 1 52 5 is_stmt 1 view .LVU23
  81 0028 FFF7FEFF 		bl	Error_Handler
  82              	.LVL1:
  83              		.loc 1 58 1 is_stmt 0 view .LVU24
  84 002c FBE7     		b	.L1
  85              	.L6:
  86 002e 00BF     		.align	2
  87              	.L5:
  88 0030 00000000 		.word	.LANCHOR0
  89 0034 00540040 		.word	1073763328
  90 0038 A0860100 		.word	100000
  91              		.cfi_endproc
  92              	.LFE130:
  94              		.section	.text.MX_I2C3_Init,"ax",%progbits
  95              		.align	1
  96              		.global	MX_I2C3_Init
  97              		.syntax unified
  98              		.thumb
  99              		.thumb_func
 100              		.fpu fpv4-sp-d16
 102              	MX_I2C3_Init:
 103              	.LFB131:
  59:Core/Src/i2c.c **** /* I2C3 init function */
  60:Core/Src/i2c.c **** void MX_I2C3_Init(void)
  61:Core/Src/i2c.c **** {
 104              		.loc 1 61 1 is_stmt 1 view -0
 105              		.cfi_startproc
 106              		@ args = 0, pretend = 0, frame = 0
 107              		@ frame_needed = 0, uses_anonymous_args = 0
 108 0000 08B5     		push	{r3, lr}
 109              	.LCFI1:
 110              		.cfi_def_cfa_offset 8
 111              		.cfi_offset 3, -8
 112              		.cfi_offset 14, -4
ARM GAS  /tmp/ccDWDT1y.s 			page 4


  62:Core/Src/i2c.c **** 
  63:Core/Src/i2c.c ****   /* USER CODE BEGIN I2C3_Init 0 */
  64:Core/Src/i2c.c **** 
  65:Core/Src/i2c.c ****   /* USER CODE END I2C3_Init 0 */
  66:Core/Src/i2c.c **** 
  67:Core/Src/i2c.c ****   /* USER CODE BEGIN I2C3_Init 1 */
  68:Core/Src/i2c.c **** 
  69:Core/Src/i2c.c ****   /* USER CODE END I2C3_Init 1 */
  70:Core/Src/i2c.c ****   hi2c3.Instance = I2C3;
 113              		.loc 1 70 3 view .LVU26
 114              		.loc 1 70 18 is_stmt 0 view .LVU27
 115 0002 0B48     		ldr	r0, .L11
 116 0004 0B4B     		ldr	r3, .L11+4
 117 0006 0360     		str	r3, [r0]
  71:Core/Src/i2c.c ****   hi2c3.Init.ClockSpeed = 100000;
 118              		.loc 1 71 3 is_stmt 1 view .LVU28
 119              		.loc 1 71 25 is_stmt 0 view .LVU29
 120 0008 0B4B     		ldr	r3, .L11+8
 121 000a 4360     		str	r3, [r0, #4]
  72:Core/Src/i2c.c ****   hi2c3.Init.DutyCycle = I2C_DUTYCYCLE_2;
 122              		.loc 1 72 3 is_stmt 1 view .LVU30
 123              		.loc 1 72 24 is_stmt 0 view .LVU31
 124 000c 0023     		movs	r3, #0
 125 000e 8360     		str	r3, [r0, #8]
  73:Core/Src/i2c.c ****   hi2c3.Init.OwnAddress1 = 0;
 126              		.loc 1 73 3 is_stmt 1 view .LVU32
 127              		.loc 1 73 26 is_stmt 0 view .LVU33
 128 0010 C360     		str	r3, [r0, #12]
  74:Core/Src/i2c.c ****   hi2c3.Init.AddressingMode = I2C_ADDRESSINGMODE_7BIT;
 129              		.loc 1 74 3 is_stmt 1 view .LVU34
 130              		.loc 1 74 29 is_stmt 0 view .LVU35
 131 0012 4FF48042 		mov	r2, #16384
 132 0016 0261     		str	r2, [r0, #16]
  75:Core/Src/i2c.c ****   hi2c3.Init.DualAddressMode = I2C_DUALADDRESS_DISABLE;
 133              		.loc 1 75 3 is_stmt 1 view .LVU36
 134              		.loc 1 75 30 is_stmt 0 view .LVU37
 135 0018 4361     		str	r3, [r0, #20]
  76:Core/Src/i2c.c ****   hi2c3.Init.OwnAddress2 = 0;
 136              		.loc 1 76 3 is_stmt 1 view .LVU38
 137              		.loc 1 76 26 is_stmt 0 view .LVU39
 138 001a 8361     		str	r3, [r0, #24]
  77:Core/Src/i2c.c ****   hi2c3.Init.GeneralCallMode = I2C_GENERALCALL_DISABLE;
 139              		.loc 1 77 3 is_stmt 1 view .LVU40
 140              		.loc 1 77 30 is_stmt 0 view .LVU41
 141 001c C361     		str	r3, [r0, #28]
  78:Core/Src/i2c.c ****   hi2c3.Init.NoStretchMode = I2C_NOSTRETCH_DISABLE;
 142              		.loc 1 78 3 is_stmt 1 view .LVU42
 143              		.loc 1 78 28 is_stmt 0 view .LVU43
 144 001e 0362     		str	r3, [r0, #32]
  79:Core/Src/i2c.c ****   if (HAL_I2C_Init(&hi2c3) != HAL_OK)
 145              		.loc 1 79 3 is_stmt 1 view .LVU44
 146              		.loc 1 79 7 is_stmt 0 view .LVU45
 147 0020 FFF7FEFF 		bl	HAL_I2C_Init
 148              	.LVL2:
 149              		.loc 1 79 6 view .LVU46
 150 0024 00B9     		cbnz	r0, .L10
 151              	.L7:
ARM GAS  /tmp/ccDWDT1y.s 			page 5


  80:Core/Src/i2c.c ****   {
  81:Core/Src/i2c.c ****     Error_Handler();
  82:Core/Src/i2c.c ****   }
  83:Core/Src/i2c.c ****   /* USER CODE BEGIN I2C3_Init 2 */
  84:Core/Src/i2c.c **** 
  85:Core/Src/i2c.c ****   /* USER CODE END I2C3_Init 2 */
  86:Core/Src/i2c.c **** 
  87:Core/Src/i2c.c **** }
 152              		.loc 1 87 1 view .LVU47
 153 0026 08BD     		pop	{r3, pc}
 154              	.L10:
  81:Core/Src/i2c.c ****   }
 155              		.loc 1 81 5 is_stmt 1 view .LVU48
 156 0028 FFF7FEFF 		bl	Error_Handler
 157              	.LVL3:
 158              		.loc 1 87 1 is_stmt 0 view .LVU49
 159 002c FBE7     		b	.L7
 160              	.L12:
 161 002e 00BF     		.align	2
 162              	.L11:
 163 0030 00000000 		.word	.LANCHOR1
 164 0034 005C0040 		.word	1073765376
 165 0038 A0860100 		.word	100000
 166              		.cfi_endproc
 167              	.LFE131:
 169              		.section	.text.HAL_I2C_MspInit,"ax",%progbits
 170              		.align	1
 171              		.global	HAL_I2C_MspInit
 172              		.syntax unified
 173              		.thumb
 174              		.thumb_func
 175              		.fpu fpv4-sp-d16
 177              	HAL_I2C_MspInit:
 178              	.LVL4:
 179              	.LFB132:
  88:Core/Src/i2c.c **** 
  89:Core/Src/i2c.c **** void HAL_I2C_MspInit(I2C_HandleTypeDef* i2cHandle)
  90:Core/Src/i2c.c **** {
 180              		.loc 1 90 1 is_stmt 1 view -0
 181              		.cfi_startproc
 182              		@ args = 0, pretend = 0, frame = 40
 183              		@ frame_needed = 0, uses_anonymous_args = 0
 184              		.loc 1 90 1 is_stmt 0 view .LVU51
 185 0000 2DE9F043 		push	{r4, r5, r6, r7, r8, r9, lr}
 186              	.LCFI2:
 187              		.cfi_def_cfa_offset 28
 188              		.cfi_offset 4, -28
 189              		.cfi_offset 5, -24
 190              		.cfi_offset 6, -20
 191              		.cfi_offset 7, -16
 192              		.cfi_offset 8, -12
 193              		.cfi_offset 9, -8
 194              		.cfi_offset 14, -4
 195 0004 8BB0     		sub	sp, sp, #44
 196              	.LCFI3:
 197              		.cfi_def_cfa_offset 72
  91:Core/Src/i2c.c **** 
ARM GAS  /tmp/ccDWDT1y.s 			page 6


  92:Core/Src/i2c.c ****   GPIO_InitTypeDef GPIO_InitStruct = {0};
 198              		.loc 1 92 3 is_stmt 1 view .LVU52
 199              		.loc 1 92 20 is_stmt 0 view .LVU53
 200 0006 0023     		movs	r3, #0
 201 0008 0593     		str	r3, [sp, #20]
 202 000a 0693     		str	r3, [sp, #24]
 203 000c 0793     		str	r3, [sp, #28]
 204 000e 0893     		str	r3, [sp, #32]
 205 0010 0993     		str	r3, [sp, #36]
  93:Core/Src/i2c.c ****   if(i2cHandle->Instance==I2C1)
 206              		.loc 1 93 3 is_stmt 1 view .LVU54
 207              		.loc 1 93 15 is_stmt 0 view .LVU55
 208 0012 0368     		ldr	r3, [r0]
 209              		.loc 1 93 5 view .LVU56
 210 0014 374A     		ldr	r2, .L19
 211 0016 9342     		cmp	r3, r2
 212 0018 05D0     		beq	.L17
  94:Core/Src/i2c.c ****   {
  95:Core/Src/i2c.c ****   /* USER CODE BEGIN I2C1_MspInit 0 */
  96:Core/Src/i2c.c **** 
  97:Core/Src/i2c.c ****   /* USER CODE END I2C1_MspInit 0 */
  98:Core/Src/i2c.c **** 
  99:Core/Src/i2c.c ****     __HAL_RCC_GPIOB_CLK_ENABLE();
 100:Core/Src/i2c.c ****     /**I2C1 GPIO Configuration
 101:Core/Src/i2c.c ****     PB8     ------> I2C1_SCL
 102:Core/Src/i2c.c ****     PB9     ------> I2C1_SDA
 103:Core/Src/i2c.c ****     */
 104:Core/Src/i2c.c ****     GPIO_InitStruct.Pin = GPIO_PIN_8|GPIO_PIN_9;
 105:Core/Src/i2c.c ****     GPIO_InitStruct.Mode = GPIO_MODE_AF_OD;
 106:Core/Src/i2c.c ****     GPIO_InitStruct.Pull = GPIO_PULLUP;
 107:Core/Src/i2c.c ****     GPIO_InitStruct.Speed = GPIO_SPEED_FREQ_VERY_HIGH;
 108:Core/Src/i2c.c ****     GPIO_InitStruct.Alternate = GPIO_AF4_I2C1;
 109:Core/Src/i2c.c ****     HAL_GPIO_Init(GPIOB, &GPIO_InitStruct);
 110:Core/Src/i2c.c **** 
 111:Core/Src/i2c.c ****     /* I2C1 clock enable */
 112:Core/Src/i2c.c ****     __HAL_RCC_I2C1_CLK_ENABLE();
 113:Core/Src/i2c.c ****   /* USER CODE BEGIN I2C1_MspInit 1 */
 114:Core/Src/i2c.c **** 
 115:Core/Src/i2c.c ****   /* USER CODE END I2C1_MspInit 1 */
 116:Core/Src/i2c.c ****   }
 117:Core/Src/i2c.c ****   else if(i2cHandle->Instance==I2C3)
 213              		.loc 1 117 8 is_stmt 1 view .LVU57
 214              		.loc 1 117 10 is_stmt 0 view .LVU58
 215 001a 374A     		ldr	r2, .L19+4
 216 001c 9342     		cmp	r3, r2
 217 001e 28D0     		beq	.L18
 218              	.LVL5:
 219              	.L13:
 118:Core/Src/i2c.c ****   {
 119:Core/Src/i2c.c ****   /* USER CODE BEGIN I2C3_MspInit 0 */
 120:Core/Src/i2c.c **** 
 121:Core/Src/i2c.c ****   /* USER CODE END I2C3_MspInit 0 */
 122:Core/Src/i2c.c **** 
 123:Core/Src/i2c.c ****     __HAL_RCC_GPIOC_CLK_ENABLE();
 124:Core/Src/i2c.c ****     __HAL_RCC_GPIOA_CLK_ENABLE();
 125:Core/Src/i2c.c ****     /**I2C3 GPIO Configuration
 126:Core/Src/i2c.c ****     PC9     ------> I2C3_SDA
ARM GAS  /tmp/ccDWDT1y.s 			page 7


 127:Core/Src/i2c.c ****     PA8     ------> I2C3_SCL
 128:Core/Src/i2c.c ****     */
 129:Core/Src/i2c.c ****     GPIO_InitStruct.Pin = GPIO_PIN_9;
 130:Core/Src/i2c.c ****     GPIO_InitStruct.Mode = GPIO_MODE_AF_OD;
 131:Core/Src/i2c.c ****     GPIO_InitStruct.Pull = GPIO_PULLUP;
 132:Core/Src/i2c.c ****     GPIO_InitStruct.Speed = GPIO_SPEED_FREQ_VERY_HIGH;
 133:Core/Src/i2c.c ****     GPIO_InitStruct.Alternate = GPIO_AF4_I2C3;
 134:Core/Src/i2c.c ****     HAL_GPIO_Init(GPIOC, &GPIO_InitStruct);
 135:Core/Src/i2c.c **** 
 136:Core/Src/i2c.c ****     GPIO_InitStruct.Pin = GPIO_PIN_8;
 137:Core/Src/i2c.c ****     GPIO_InitStruct.Mode = GPIO_MODE_AF_OD;
 138:Core/Src/i2c.c ****     GPIO_InitStruct.Pull = GPIO_PULLUP;
 139:Core/Src/i2c.c ****     GPIO_InitStruct.Speed = GPIO_SPEED_FREQ_VERY_HIGH;
 140:Core/Src/i2c.c ****     GPIO_InitStruct.Alternate = GPIO_AF4_I2C3;
 141:Core/Src/i2c.c ****     HAL_GPIO_Init(GPIOA, &GPIO_InitStruct);
 142:Core/Src/i2c.c **** 
 143:Core/Src/i2c.c ****     /* I2C3 clock enable */
 144:Core/Src/i2c.c ****     __HAL_RCC_I2C3_CLK_ENABLE();
 145:Core/Src/i2c.c ****   /* USER CODE BEGIN I2C3_MspInit 1 */
 146:Core/Src/i2c.c **** 
 147:Core/Src/i2c.c ****   /* USER CODE END I2C3_MspInit 1 */
 148:Core/Src/i2c.c ****   }
 149:Core/Src/i2c.c **** }
 220              		.loc 1 149 1 view .LVU59
 221 0020 0BB0     		add	sp, sp, #44
 222              	.LCFI4:
 223              		.cfi_remember_state
 224              		.cfi_def_cfa_offset 28
 225              		@ sp needed
 226 0022 BDE8F083 		pop	{r4, r5, r6, r7, r8, r9, pc}
 227              	.LVL6:
 228              	.L17:
 229              	.LCFI5:
 230              		.cfi_restore_state
  99:Core/Src/i2c.c ****     /**I2C1 GPIO Configuration
 231              		.loc 1 99 5 is_stmt 1 view .LVU60
 232              	.LBB2:
  99:Core/Src/i2c.c ****     /**I2C1 GPIO Configuration
 233              		.loc 1 99 5 view .LVU61
 234 0026 0025     		movs	r5, #0
 235 0028 0095     		str	r5, [sp]
  99:Core/Src/i2c.c ****     /**I2C1 GPIO Configuration
 236              		.loc 1 99 5 view .LVU62
 237 002a 344C     		ldr	r4, .L19+8
 238 002c 236B     		ldr	r3, [r4, #48]
 239 002e 43F00203 		orr	r3, r3, #2
 240 0032 2363     		str	r3, [r4, #48]
  99:Core/Src/i2c.c ****     /**I2C1 GPIO Configuration
 241              		.loc 1 99 5 view .LVU63
 242 0034 236B     		ldr	r3, [r4, #48]
 243 0036 03F00203 		and	r3, r3, #2
 244 003a 0093     		str	r3, [sp]
  99:Core/Src/i2c.c ****     /**I2C1 GPIO Configuration
 245              		.loc 1 99 5 view .LVU64
 246 003c 009B     		ldr	r3, [sp]
 247              	.LBE2:
  99:Core/Src/i2c.c ****     /**I2C1 GPIO Configuration
ARM GAS  /tmp/ccDWDT1y.s 			page 8


 248              		.loc 1 99 5 view .LVU65
 104:Core/Src/i2c.c ****     GPIO_InitStruct.Mode = GPIO_MODE_AF_OD;
 249              		.loc 1 104 5 view .LVU66
 104:Core/Src/i2c.c ****     GPIO_InitStruct.Mode = GPIO_MODE_AF_OD;
 250              		.loc 1 104 25 is_stmt 0 view .LVU67
 251 003e 4FF44073 		mov	r3, #768
 252 0042 0593     		str	r3, [sp, #20]
 105:Core/Src/i2c.c ****     GPIO_InitStruct.Pull = GPIO_PULLUP;
 253              		.loc 1 105 5 is_stmt 1 view .LVU68
 105:Core/Src/i2c.c ****     GPIO_InitStruct.Pull = GPIO_PULLUP;
 254              		.loc 1 105 26 is_stmt 0 view .LVU69
 255 0044 1223     		movs	r3, #18
 256 0046 0693     		str	r3, [sp, #24]
 106:Core/Src/i2c.c ****     GPIO_InitStruct.Speed = GPIO_SPEED_FREQ_VERY_HIGH;
 257              		.loc 1 106 5 is_stmt 1 view .LVU70
 106:Core/Src/i2c.c ****     GPIO_InitStruct.Speed = GPIO_SPEED_FREQ_VERY_HIGH;
 258              		.loc 1 106 26 is_stmt 0 view .LVU71
 259 0048 0123     		movs	r3, #1
 260 004a 0793     		str	r3, [sp, #28]
 107:Core/Src/i2c.c ****     GPIO_InitStruct.Alternate = GPIO_AF4_I2C1;
 261              		.loc 1 107 5 is_stmt 1 view .LVU72
 107:Core/Src/i2c.c ****     GPIO_InitStruct.Alternate = GPIO_AF4_I2C1;
 262              		.loc 1 107 27 is_stmt 0 view .LVU73
 263 004c 0323     		movs	r3, #3
 264 004e 0893     		str	r3, [sp, #32]
 108:Core/Src/i2c.c ****     HAL_GPIO_Init(GPIOB, &GPIO_InitStruct);
 265              		.loc 1 108 5 is_stmt 1 view .LVU74
 108:Core/Src/i2c.c ****     HAL_GPIO_Init(GPIOB, &GPIO_InitStruct);
 266              		.loc 1 108 31 is_stmt 0 view .LVU75
 267 0050 0423     		movs	r3, #4
 268 0052 0993     		str	r3, [sp, #36]
 109:Core/Src/i2c.c **** 
 269              		.loc 1 109 5 is_stmt 1 view .LVU76
 270 0054 05A9     		add	r1, sp, #20
 271 0056 2A48     		ldr	r0, .L19+12
 272              	.LVL7:
 109:Core/Src/i2c.c **** 
 273              		.loc 1 109 5 is_stmt 0 view .LVU77
 274 0058 FFF7FEFF 		bl	HAL_GPIO_Init
 275              	.LVL8:
 112:Core/Src/i2c.c ****   /* USER CODE BEGIN I2C1_MspInit 1 */
 276              		.loc 1 112 5 is_stmt 1 view .LVU78
 277              	.LBB3:
 112:Core/Src/i2c.c ****   /* USER CODE BEGIN I2C1_MspInit 1 */
 278              		.loc 1 112 5 view .LVU79
 279 005c 0195     		str	r5, [sp, #4]
 112:Core/Src/i2c.c ****   /* USER CODE BEGIN I2C1_MspInit 1 */
 280              		.loc 1 112 5 view .LVU80
 281 005e 236C     		ldr	r3, [r4, #64]
 282 0060 43F40013 		orr	r3, r3, #2097152
 283 0064 2364     		str	r3, [r4, #64]
 112:Core/Src/i2c.c ****   /* USER CODE BEGIN I2C1_MspInit 1 */
 284              		.loc 1 112 5 view .LVU81
 285 0066 236C     		ldr	r3, [r4, #64]
 286 0068 03F40013 		and	r3, r3, #2097152
 287 006c 0193     		str	r3, [sp, #4]
 112:Core/Src/i2c.c ****   /* USER CODE BEGIN I2C1_MspInit 1 */
ARM GAS  /tmp/ccDWDT1y.s 			page 9


 288              		.loc 1 112 5 view .LVU82
 289 006e 019B     		ldr	r3, [sp, #4]
 290              	.LBE3:
 112:Core/Src/i2c.c ****   /* USER CODE BEGIN I2C1_MspInit 1 */
 291              		.loc 1 112 5 view .LVU83
 292 0070 D6E7     		b	.L13
 293              	.LVL9:
 294              	.L18:
 123:Core/Src/i2c.c ****     __HAL_RCC_GPIOA_CLK_ENABLE();
 295              		.loc 1 123 5 view .LVU84
 296              	.LBB4:
 123:Core/Src/i2c.c ****     __HAL_RCC_GPIOA_CLK_ENABLE();
 297              		.loc 1 123 5 view .LVU85
 298 0072 0025     		movs	r5, #0
 299 0074 0295     		str	r5, [sp, #8]
 123:Core/Src/i2c.c ****     __HAL_RCC_GPIOA_CLK_ENABLE();
 300              		.loc 1 123 5 view .LVU86
 301 0076 214C     		ldr	r4, .L19+8
 302 0078 236B     		ldr	r3, [r4, #48]
 303 007a 43F00403 		orr	r3, r3, #4
 304 007e 2363     		str	r3, [r4, #48]
 123:Core/Src/i2c.c ****     __HAL_RCC_GPIOA_CLK_ENABLE();
 305              		.loc 1 123 5 view .LVU87
 306 0080 236B     		ldr	r3, [r4, #48]
 307 0082 03F00403 		and	r3, r3, #4
 308 0086 0293     		str	r3, [sp, #8]
 123:Core/Src/i2c.c ****     __HAL_RCC_GPIOA_CLK_ENABLE();
 309              		.loc 1 123 5 view .LVU88
 310 0088 029B     		ldr	r3, [sp, #8]
 311              	.LBE4:
 123:Core/Src/i2c.c ****     __HAL_RCC_GPIOA_CLK_ENABLE();
 312              		.loc 1 123 5 view .LVU89
 124:Core/Src/i2c.c ****     /**I2C3 GPIO Configuration
 313              		.loc 1 124 5 view .LVU90
 314              	.LBB5:
 124:Core/Src/i2c.c ****     /**I2C3 GPIO Configuration
 315              		.loc 1 124 5 view .LVU91
 316 008a 0395     		str	r5, [sp, #12]
 124:Core/Src/i2c.c ****     /**I2C3 GPIO Configuration
 317              		.loc 1 124 5 view .LVU92
 318 008c 236B     		ldr	r3, [r4, #48]
 319 008e 43F00103 		orr	r3, r3, #1
 320 0092 2363     		str	r3, [r4, #48]
 124:Core/Src/i2c.c ****     /**I2C3 GPIO Configuration
 321              		.loc 1 124 5 view .LVU93
 322 0094 236B     		ldr	r3, [r4, #48]
 323 0096 03F00103 		and	r3, r3, #1
 324 009a 0393     		str	r3, [sp, #12]
 124:Core/Src/i2c.c ****     /**I2C3 GPIO Configuration
 325              		.loc 1 124 5 view .LVU94
 326 009c 039B     		ldr	r3, [sp, #12]
 327              	.LBE5:
 124:Core/Src/i2c.c ****     /**I2C3 GPIO Configuration
 328              		.loc 1 124 5 view .LVU95
 129:Core/Src/i2c.c ****     GPIO_InitStruct.Mode = GPIO_MODE_AF_OD;
 329              		.loc 1 129 5 view .LVU96
 129:Core/Src/i2c.c ****     GPIO_InitStruct.Mode = GPIO_MODE_AF_OD;
ARM GAS  /tmp/ccDWDT1y.s 			page 10


 330              		.loc 1 129 25 is_stmt 0 view .LVU97
 331 009e 4FF40073 		mov	r3, #512
 332 00a2 0593     		str	r3, [sp, #20]
 130:Core/Src/i2c.c ****     GPIO_InitStruct.Pull = GPIO_PULLUP;
 333              		.loc 1 130 5 is_stmt 1 view .LVU98
 130:Core/Src/i2c.c ****     GPIO_InitStruct.Pull = GPIO_PULLUP;
 334              		.loc 1 130 26 is_stmt 0 view .LVU99
 335 00a4 4FF01209 		mov	r9, #18
 336 00a8 CDF81890 		str	r9, [sp, #24]
 131:Core/Src/i2c.c ****     GPIO_InitStruct.Speed = GPIO_SPEED_FREQ_VERY_HIGH;
 337              		.loc 1 131 5 is_stmt 1 view .LVU100
 131:Core/Src/i2c.c ****     GPIO_InitStruct.Speed = GPIO_SPEED_FREQ_VERY_HIGH;
 338              		.loc 1 131 26 is_stmt 0 view .LVU101
 339 00ac 4FF00108 		mov	r8, #1
 340 00b0 CDF81C80 		str	r8, [sp, #28]
 132:Core/Src/i2c.c ****     GPIO_InitStruct.Alternate = GPIO_AF4_I2C3;
 341              		.loc 1 132 5 is_stmt 1 view .LVU102
 132:Core/Src/i2c.c ****     GPIO_InitStruct.Alternate = GPIO_AF4_I2C3;
 342              		.loc 1 132 27 is_stmt 0 view .LVU103
 343 00b4 0327     		movs	r7, #3
 344 00b6 0897     		str	r7, [sp, #32]
 133:Core/Src/i2c.c ****     HAL_GPIO_Init(GPIOC, &GPIO_InitStruct);
 345              		.loc 1 133 5 is_stmt 1 view .LVU104
 133:Core/Src/i2c.c ****     HAL_GPIO_Init(GPIOC, &GPIO_InitStruct);
 346              		.loc 1 133 31 is_stmt 0 view .LVU105
 347 00b8 0426     		movs	r6, #4
 348 00ba 0996     		str	r6, [sp, #36]
 134:Core/Src/i2c.c **** 
 349              		.loc 1 134 5 is_stmt 1 view .LVU106
 350 00bc 05A9     		add	r1, sp, #20
 351 00be 1148     		ldr	r0, .L19+16
 352              	.LVL10:
 134:Core/Src/i2c.c **** 
 353              		.loc 1 134 5 is_stmt 0 view .LVU107
 354 00c0 FFF7FEFF 		bl	HAL_GPIO_Init
 355              	.LVL11:
 136:Core/Src/i2c.c ****     GPIO_InitStruct.Mode = GPIO_MODE_AF_OD;
 356              		.loc 1 136 5 is_stmt 1 view .LVU108
 136:Core/Src/i2c.c ****     GPIO_InitStruct.Mode = GPIO_MODE_AF_OD;
 357              		.loc 1 136 25 is_stmt 0 view .LVU109
 358 00c4 4FF48073 		mov	r3, #256
 359 00c8 0593     		str	r3, [sp, #20]
 137:Core/Src/i2c.c ****     GPIO_InitStruct.Pull = GPIO_PULLUP;
 360              		.loc 1 137 5 is_stmt 1 view .LVU110
 137:Core/Src/i2c.c ****     GPIO_InitStruct.Pull = GPIO_PULLUP;
 361              		.loc 1 137 26 is_stmt 0 view .LVU111
 362 00ca CDF81890 		str	r9, [sp, #24]
 138:Core/Src/i2c.c ****     GPIO_InitStruct.Speed = GPIO_SPEED_FREQ_VERY_HIGH;
 363              		.loc 1 138 5 is_stmt 1 view .LVU112
 138:Core/Src/i2c.c ****     GPIO_InitStruct.Speed = GPIO_SPEED_FREQ_VERY_HIGH;
 364              		.loc 1 138 26 is_stmt 0 view .LVU113
 365 00ce CDF81C80 		str	r8, [sp, #28]
 139:Core/Src/i2c.c ****     GPIO_InitStruct.Alternate = GPIO_AF4_I2C3;
 366              		.loc 1 139 5 is_stmt 1 view .LVU114
 139:Core/Src/i2c.c ****     GPIO_InitStruct.Alternate = GPIO_AF4_I2C3;
 367              		.loc 1 139 27 is_stmt 0 view .LVU115
 368 00d2 0897     		str	r7, [sp, #32]
ARM GAS  /tmp/ccDWDT1y.s 			page 11


 140:Core/Src/i2c.c ****     HAL_GPIO_Init(GPIOA, &GPIO_InitStruct);
 369              		.loc 1 140 5 is_stmt 1 view .LVU116
 140:Core/Src/i2c.c ****     HAL_GPIO_Init(GPIOA, &GPIO_InitStruct);
 370              		.loc 1 140 31 is_stmt 0 view .LVU117
 371 00d4 0996     		str	r6, [sp, #36]
 141:Core/Src/i2c.c **** 
 372              		.loc 1 141 5 is_stmt 1 view .LVU118
 373 00d6 05A9     		add	r1, sp, #20
 374 00d8 0B48     		ldr	r0, .L19+20
 375 00da FFF7FEFF 		bl	HAL_GPIO_Init
 376              	.LVL12:
 144:Core/Src/i2c.c ****   /* USER CODE BEGIN I2C3_MspInit 1 */
 377              		.loc 1 144 5 view .LVU119
 378              	.LBB6:
 144:Core/Src/i2c.c ****   /* USER CODE BEGIN I2C3_MspInit 1 */
 379              		.loc 1 144 5 view .LVU120
 380 00de 0495     		str	r5, [sp, #16]
 144:Core/Src/i2c.c ****   /* USER CODE BEGIN I2C3_MspInit 1 */
 381              		.loc 1 144 5 view .LVU121
 382 00e0 236C     		ldr	r3, [r4, #64]
 383 00e2 43F40003 		orr	r3, r3, #8388608
 384 00e6 2364     		str	r3, [r4, #64]
 144:Core/Src/i2c.c ****   /* USER CODE BEGIN I2C3_MspInit 1 */
 385              		.loc 1 144 5 view .LVU122
 386 00e8 236C     		ldr	r3, [r4, #64]
 387 00ea 03F40003 		and	r3, r3, #8388608
 388 00ee 0493     		str	r3, [sp, #16]
 144:Core/Src/i2c.c ****   /* USER CODE BEGIN I2C3_MspInit 1 */
 389              		.loc 1 144 5 view .LVU123
 390 00f0 049B     		ldr	r3, [sp, #16]
 391              	.LBE6:
 144:Core/Src/i2c.c ****   /* USER CODE BEGIN I2C3_MspInit 1 */
 392              		.loc 1 144 5 view .LVU124
 393              		.loc 1 149 1 is_stmt 0 view .LVU125
 394 00f2 95E7     		b	.L13
 395              	.L20:
 396              		.align	2
 397              	.L19:
 398 00f4 00540040 		.word	1073763328
 399 00f8 005C0040 		.word	1073765376
 400 00fc 00380240 		.word	1073887232
 401 0100 00040240 		.word	1073873920
 402 0104 00080240 		.word	1073874944
 403 0108 00000240 		.word	1073872896
 404              		.cfi_endproc
 405              	.LFE132:
 407              		.section	.text.HAL_I2C_MspDeInit,"ax",%progbits
 408              		.align	1
 409              		.global	HAL_I2C_MspDeInit
 410              		.syntax unified
 411              		.thumb
 412              		.thumb_func
 413              		.fpu fpv4-sp-d16
 415              	HAL_I2C_MspDeInit:
 416              	.LVL13:
 417              	.LFB133:
 150:Core/Src/i2c.c **** 
ARM GAS  /tmp/ccDWDT1y.s 			page 12


 151:Core/Src/i2c.c **** void HAL_I2C_MspDeInit(I2C_HandleTypeDef* i2cHandle)
 152:Core/Src/i2c.c **** {
 418              		.loc 1 152 1 is_stmt 1 view -0
 419              		.cfi_startproc
 420              		@ args = 0, pretend = 0, frame = 0
 421              		@ frame_needed = 0, uses_anonymous_args = 0
 422              		.loc 1 152 1 is_stmt 0 view .LVU127
 423 0000 10B5     		push	{r4, lr}
 424              	.LCFI6:
 425              		.cfi_def_cfa_offset 8
 426              		.cfi_offset 4, -8
 427              		.cfi_offset 14, -4
 153:Core/Src/i2c.c **** 
 154:Core/Src/i2c.c ****   if(i2cHandle->Instance==I2C1)
 428              		.loc 1 154 3 is_stmt 1 view .LVU128
 429              		.loc 1 154 15 is_stmt 0 view .LVU129
 430 0002 0368     		ldr	r3, [r0]
 431              		.loc 1 154 5 view .LVU130
 432 0004 144A     		ldr	r2, .L27
 433 0006 9342     		cmp	r3, r2
 434 0008 03D0     		beq	.L25
 155:Core/Src/i2c.c ****   {
 156:Core/Src/i2c.c ****   /* USER CODE BEGIN I2C1_MspDeInit 0 */
 157:Core/Src/i2c.c **** 
 158:Core/Src/i2c.c ****   /* USER CODE END I2C1_MspDeInit 0 */
 159:Core/Src/i2c.c ****     /* Peripheral clock disable */
 160:Core/Src/i2c.c ****     __HAL_RCC_I2C1_CLK_DISABLE();
 161:Core/Src/i2c.c **** 
 162:Core/Src/i2c.c ****     /**I2C1 GPIO Configuration
 163:Core/Src/i2c.c ****     PB8     ------> I2C1_SCL
 164:Core/Src/i2c.c ****     PB9     ------> I2C1_SDA
 165:Core/Src/i2c.c ****     */
 166:Core/Src/i2c.c ****     HAL_GPIO_DeInit(GPIOB, GPIO_PIN_8);
 167:Core/Src/i2c.c **** 
 168:Core/Src/i2c.c ****     HAL_GPIO_DeInit(GPIOB, GPIO_PIN_9);
 169:Core/Src/i2c.c **** 
 170:Core/Src/i2c.c ****   /* USER CODE BEGIN I2C1_MspDeInit 1 */
 171:Core/Src/i2c.c **** 
 172:Core/Src/i2c.c ****   /* USER CODE END I2C1_MspDeInit 1 */
 173:Core/Src/i2c.c ****   }
 174:Core/Src/i2c.c ****   else if(i2cHandle->Instance==I2C3)
 435              		.loc 1 174 8 is_stmt 1 view .LVU131
 436              		.loc 1 174 10 is_stmt 0 view .LVU132
 437 000a 144A     		ldr	r2, .L27+4
 438 000c 9342     		cmp	r3, r2
 439 000e 12D0     		beq	.L26
 440              	.LVL14:
 441              	.L21:
 175:Core/Src/i2c.c ****   {
 176:Core/Src/i2c.c ****   /* USER CODE BEGIN I2C3_MspDeInit 0 */
 177:Core/Src/i2c.c **** 
 178:Core/Src/i2c.c ****   /* USER CODE END I2C3_MspDeInit 0 */
 179:Core/Src/i2c.c ****     /* Peripheral clock disable */
 180:Core/Src/i2c.c ****     __HAL_RCC_I2C3_CLK_DISABLE();
 181:Core/Src/i2c.c **** 
 182:Core/Src/i2c.c ****     /**I2C3 GPIO Configuration
 183:Core/Src/i2c.c ****     PC9     ------> I2C3_SDA
ARM GAS  /tmp/ccDWDT1y.s 			page 13


 184:Core/Src/i2c.c ****     PA8     ------> I2C3_SCL
 185:Core/Src/i2c.c ****     */
 186:Core/Src/i2c.c ****     HAL_GPIO_DeInit(GPIOC, GPIO_PIN_9);
 187:Core/Src/i2c.c **** 
 188:Core/Src/i2c.c ****     HAL_GPIO_DeInit(GPIOA, GPIO_PIN_8);
 189:Core/Src/i2c.c **** 
 190:Core/Src/i2c.c ****   /* USER CODE BEGIN I2C3_MspDeInit 1 */
 191:Core/Src/i2c.c **** 
 192:Core/Src/i2c.c ****   /* USER CODE END I2C3_MspDeInit 1 */
 193:Core/Src/i2c.c ****   }
 194:Core/Src/i2c.c **** }
 442              		.loc 1 194 1 view .LVU133
 443 0010 10BD     		pop	{r4, pc}
 444              	.LVL15:
 445              	.L25:
 160:Core/Src/i2c.c **** 
 446              		.loc 1 160 5 is_stmt 1 view .LVU134
 447 0012 02F5F232 		add	r2, r2, #123904
 448 0016 136C     		ldr	r3, [r2, #64]
 449 0018 23F40013 		bic	r3, r3, #2097152
 450 001c 1364     		str	r3, [r2, #64]
 166:Core/Src/i2c.c **** 
 451              		.loc 1 166 5 view .LVU135
 452 001e 104C     		ldr	r4, .L27+8
 453 0020 4FF48071 		mov	r1, #256
 454 0024 2046     		mov	r0, r4
 455              	.LVL16:
 166:Core/Src/i2c.c **** 
 456              		.loc 1 166 5 is_stmt 0 view .LVU136
 457 0026 FFF7FEFF 		bl	HAL_GPIO_DeInit
 458              	.LVL17:
 168:Core/Src/i2c.c **** 
 459              		.loc 1 168 5 is_stmt 1 view .LVU137
 460 002a 4FF40071 		mov	r1, #512
 461 002e 2046     		mov	r0, r4
 462 0030 FFF7FEFF 		bl	HAL_GPIO_DeInit
 463              	.LVL18:
 464 0034 ECE7     		b	.L21
 465              	.LVL19:
 466              	.L26:
 180:Core/Src/i2c.c **** 
 467              		.loc 1 180 5 view .LVU138
 468 0036 02F5EE32 		add	r2, r2, #121856
 469 003a 136C     		ldr	r3, [r2, #64]
 470 003c 23F40003 		bic	r3, r3, #8388608
 471 0040 1364     		str	r3, [r2, #64]
 186:Core/Src/i2c.c **** 
 472              		.loc 1 186 5 view .LVU139
 473 0042 4FF40071 		mov	r1, #512
 474 0046 0748     		ldr	r0, .L27+12
 475              	.LVL20:
 186:Core/Src/i2c.c **** 
 476              		.loc 1 186 5 is_stmt 0 view .LVU140
 477 0048 FFF7FEFF 		bl	HAL_GPIO_DeInit
 478              	.LVL21:
 188:Core/Src/i2c.c **** 
 479              		.loc 1 188 5 is_stmt 1 view .LVU141
ARM GAS  /tmp/ccDWDT1y.s 			page 14


 480 004c 4FF48071 		mov	r1, #256
 481 0050 0548     		ldr	r0, .L27+16
 482 0052 FFF7FEFF 		bl	HAL_GPIO_DeInit
 483              	.LVL22:
 484              		.loc 1 194 1 is_stmt 0 view .LVU142
 485 0056 DBE7     		b	.L21
 486              	.L28:
 487              		.align	2
 488              	.L27:
 489 0058 00540040 		.word	1073763328
 490 005c 005C0040 		.word	1073765376
 491 0060 00040240 		.word	1073873920
 492 0064 00080240 		.word	1073874944
 493 0068 00000240 		.word	1073872896
 494              		.cfi_endproc
 495              	.LFE133:
 497              		.global	hi2c3
 498              		.global	hi2c1
 499              		.section	.bss.hi2c1,"aw",%nobits
 500              		.align	2
 501              		.set	.LANCHOR0,. + 0
 504              	hi2c1:
 505 0000 00000000 		.space	84
 505      00000000 
 505      00000000 
 505      00000000 
 505      00000000 
 506              		.section	.bss.hi2c3,"aw",%nobits
 507              		.align	2
 508              		.set	.LANCHOR1,. + 0
 511              	hi2c3:
 512 0000 00000000 		.space	84
 512      00000000 
 512      00000000 
 512      00000000 
 512      00000000 
 513              		.text
 514              	.Letext0:
 515              		.file 2 "/usr/lib/gcc/arm-none-eabi/10.3.1/include/stdint.h"
 516              		.file 3 "Drivers/CMSIS/Device/ST/STM32F4xx/Include/stm32f407xx.h"
 517              		.file 4 "Drivers/STM32F4xx_HAL_Driver/Inc/stm32f4xx_hal_def.h"
 518              		.file 5 "Drivers/STM32F4xx_HAL_Driver/Inc/stm32f4xx_hal_gpio.h"
 519              		.file 6 "Drivers/STM32F4xx_HAL_Driver/Inc/stm32f4xx_hal_dma.h"
 520              		.file 7 "Drivers/STM32F4xx_HAL_Driver/Inc/stm32f4xx_hal_i2c.h"
 521              		.file 8 "Core/Inc/i2c.h"
 522              		.file 9 "Core/Inc/main.h"
ARM GAS  /tmp/ccDWDT1y.s 			page 15


DEFINED SYMBOLS
                            *ABS*:0000000000000000 i2c.c
     /tmp/ccDWDT1y.s:18     .text.MX_I2C1_Init:0000000000000000 $t
     /tmp/ccDWDT1y.s:26     .text.MX_I2C1_Init:0000000000000000 MX_I2C1_Init
     /tmp/ccDWDT1y.s:88     .text.MX_I2C1_Init:0000000000000030 $d
     /tmp/ccDWDT1y.s:95     .text.MX_I2C3_Init:0000000000000000 $t
     /tmp/ccDWDT1y.s:102    .text.MX_I2C3_Init:0000000000000000 MX_I2C3_Init
     /tmp/ccDWDT1y.s:163    .text.MX_I2C3_Init:0000000000000030 $d
     /tmp/ccDWDT1y.s:170    .text.HAL_I2C_MspInit:0000000000000000 $t
     /tmp/ccDWDT1y.s:177    .text.HAL_I2C_MspInit:0000000000000000 HAL_I2C_MspInit
     /tmp/ccDWDT1y.s:398    .text.HAL_I2C_MspInit:00000000000000f4 $d
     /tmp/ccDWDT1y.s:408    .text.HAL_I2C_MspDeInit:0000000000000000 $t
     /tmp/ccDWDT1y.s:415    .text.HAL_I2C_MspDeInit:0000000000000000 HAL_I2C_MspDeInit
     /tmp/ccDWDT1y.s:489    .text.HAL_I2C_MspDeInit:0000000000000058 $d
     /tmp/ccDWDT1y.s:511    .bss.hi2c3:0000000000000000 hi2c3
     /tmp/ccDWDT1y.s:504    .bss.hi2c1:0000000000000000 hi2c1
     /tmp/ccDWDT1y.s:500    .bss.hi2c1:0000000000000000 $d
     /tmp/ccDWDT1y.s:507    .bss.hi2c3:0000000000000000 $d

UNDEFINED SYMBOLS
HAL_I2C_Init
Error_Handler
HAL_GPIO_Init
HAL_GPIO_DeInit
