ARM GAS  /tmp/ccSJASU4.s 			page 1


   1              		.cpu cortex-m4
   2              		.eabi_attribute 27, 1
   3              		.eabi_attribute 28, 1
   4              		.eabi_attribute 20, 1
   5              		.eabi_attribute 21, 1
   6              		.eabi_attribute 23, 3
   7              		.eabi_attribute 24, 1
   8              		.eabi_attribute 25, 1
   9              		.eabi_attribute 26, 1
  10              		.eabi_attribute 30, 1
  11              		.eabi_attribute 34, 1
  12              		.eabi_attribute 18, 4
  13              		.file	"usart.c"
  14              		.text
  15              	.Ltext0:
  16              		.cfi_sections	.debug_frame
  17              		.section	.text.MX_UART4_Init,"ax",%progbits
  18              		.align	1
  19              		.global	MX_UART4_Init
  20              		.arch armv7e-m
  21              		.syntax unified
  22              		.thumb
  23              		.thumb_func
  24              		.fpu fpv4-sp-d16
  26              	MX_UART4_Init:
  27              	.LFB130:
  28              		.file 1 "Core/Src/usart.c"
   1:Core/Src/usart.c **** /* USER CODE BEGIN Header */
   2:Core/Src/usart.c **** /**
   3:Core/Src/usart.c ****   ******************************************************************************
   4:Core/Src/usart.c ****   * @file    usart.c
   5:Core/Src/usart.c ****   * @brief   This file provides code for the configuration
   6:Core/Src/usart.c ****   *          of the USART instances.
   7:Core/Src/usart.c ****   ******************************************************************************
   8:Core/Src/usart.c ****   * @attention
   9:Core/Src/usart.c ****   *
  10:Core/Src/usart.c ****   * Copyright (c) 2022 STMicroelectronics.
  11:Core/Src/usart.c ****   * All rights reserved.
  12:Core/Src/usart.c ****   *
  13:Core/Src/usart.c ****   * This software is licensed under terms that can be found in the LICENSE file
  14:Core/Src/usart.c ****   * in the root directory of this software component.
  15:Core/Src/usart.c ****   * If no LICENSE file comes with this software, it is provided AS-IS.
  16:Core/Src/usart.c ****   *
  17:Core/Src/usart.c ****   ******************************************************************************
  18:Core/Src/usart.c ****   */
  19:Core/Src/usart.c **** /* USER CODE END Header */
  20:Core/Src/usart.c **** /* Includes ------------------------------------------------------------------*/
  21:Core/Src/usart.c **** #include "usart.h"
  22:Core/Src/usart.c **** 
  23:Core/Src/usart.c **** /* USER CODE BEGIN 0 */
  24:Core/Src/usart.c **** 
  25:Core/Src/usart.c **** /* USER CODE END 0 */
  26:Core/Src/usart.c **** 
  27:Core/Src/usart.c **** UART_HandleTypeDef huart4;
  28:Core/Src/usart.c **** UART_HandleTypeDef huart3;
  29:Core/Src/usart.c **** DMA_HandleTypeDef hdma_uart4_rx;
  30:Core/Src/usart.c **** DMA_HandleTypeDef hdma_usart3_rx;
ARM GAS  /tmp/ccSJASU4.s 			page 2


  31:Core/Src/usart.c **** DMA_HandleTypeDef hdma_usart3_tx;
  32:Core/Src/usart.c **** 
  33:Core/Src/usart.c **** /* UART4 init function */
  34:Core/Src/usart.c **** void MX_UART4_Init(void)
  35:Core/Src/usart.c **** {
  29              		.loc 1 35 1 view -0
  30              		.cfi_startproc
  31              		@ args = 0, pretend = 0, frame = 0
  32              		@ frame_needed = 0, uses_anonymous_args = 0
  33 0000 08B5     		push	{r3, lr}
  34              	.LCFI0:
  35              		.cfi_def_cfa_offset 8
  36              		.cfi_offset 3, -8
  37              		.cfi_offset 14, -4
  36:Core/Src/usart.c **** 
  37:Core/Src/usart.c ****   /* USER CODE BEGIN UART4_Init 0 */
  38:Core/Src/usart.c **** 
  39:Core/Src/usart.c ****   /* USER CODE END UART4_Init 0 */
  40:Core/Src/usart.c **** 
  41:Core/Src/usart.c ****   /* USER CODE BEGIN UART4_Init 1 */
  42:Core/Src/usart.c **** 
  43:Core/Src/usart.c ****   /* USER CODE END UART4_Init 1 */
  44:Core/Src/usart.c ****   huart4.Instance = UART4;
  38              		.loc 1 44 3 view .LVU1
  39              		.loc 1 44 19 is_stmt 0 view .LVU2
  40 0002 0A48     		ldr	r0, .L5
  41 0004 0A4B     		ldr	r3, .L5+4
  42 0006 0360     		str	r3, [r0]
  45:Core/Src/usart.c ****   huart4.Init.BaudRate = 9600;
  43              		.loc 1 45 3 is_stmt 1 view .LVU3
  44              		.loc 1 45 24 is_stmt 0 view .LVU4
  45 0008 4FF41653 		mov	r3, #9600
  46 000c 4360     		str	r3, [r0, #4]
  46:Core/Src/usart.c ****   huart4.Init.WordLength = UART_WORDLENGTH_8B;
  47              		.loc 1 46 3 is_stmt 1 view .LVU5
  48              		.loc 1 46 26 is_stmt 0 view .LVU6
  49 000e 0023     		movs	r3, #0
  50 0010 8360     		str	r3, [r0, #8]
  47:Core/Src/usart.c ****   huart4.Init.StopBits = UART_STOPBITS_1;
  51              		.loc 1 47 3 is_stmt 1 view .LVU7
  52              		.loc 1 47 24 is_stmt 0 view .LVU8
  53 0012 C360     		str	r3, [r0, #12]
  48:Core/Src/usart.c ****   huart4.Init.Parity = UART_PARITY_NONE;
  54              		.loc 1 48 3 is_stmt 1 view .LVU9
  55              		.loc 1 48 22 is_stmt 0 view .LVU10
  56 0014 0361     		str	r3, [r0, #16]
  49:Core/Src/usart.c ****   huart4.Init.Mode = UART_MODE_TX_RX;
  57              		.loc 1 49 3 is_stmt 1 view .LVU11
  58              		.loc 1 49 20 is_stmt 0 view .LVU12
  59 0016 0C22     		movs	r2, #12
  60 0018 4261     		str	r2, [r0, #20]
  50:Core/Src/usart.c ****   huart4.Init.HwFlowCtl = UART_HWCONTROL_NONE;
  61              		.loc 1 50 3 is_stmt 1 view .LVU13
  62              		.loc 1 50 25 is_stmt 0 view .LVU14
  63 001a 8361     		str	r3, [r0, #24]
  51:Core/Src/usart.c ****   huart4.Init.OverSampling = UART_OVERSAMPLING_16;
  64              		.loc 1 51 3 is_stmt 1 view .LVU15
ARM GAS  /tmp/ccSJASU4.s 			page 3


  65              		.loc 1 51 28 is_stmt 0 view .LVU16
  66 001c C361     		str	r3, [r0, #28]
  52:Core/Src/usart.c ****   if (HAL_UART_Init(&huart4) != HAL_OK)
  67              		.loc 1 52 3 is_stmt 1 view .LVU17
  68              		.loc 1 52 7 is_stmt 0 view .LVU18
  69 001e FFF7FEFF 		bl	HAL_UART_Init
  70              	.LVL0:
  71              		.loc 1 52 6 view .LVU19
  72 0022 00B9     		cbnz	r0, .L4
  73              	.L1:
  53:Core/Src/usart.c ****   {
  54:Core/Src/usart.c ****     Error_Handler();
  55:Core/Src/usart.c ****   }
  56:Core/Src/usart.c ****   /* USER CODE BEGIN UART4_Init 2 */
  57:Core/Src/usart.c **** 
  58:Core/Src/usart.c ****   /* USER CODE END UART4_Init 2 */
  59:Core/Src/usart.c **** 
  60:Core/Src/usart.c **** }
  74              		.loc 1 60 1 view .LVU20
  75 0024 08BD     		pop	{r3, pc}
  76              	.L4:
  54:Core/Src/usart.c ****   }
  77              		.loc 1 54 5 is_stmt 1 view .LVU21
  78 0026 FFF7FEFF 		bl	Error_Handler
  79              	.LVL1:
  80              		.loc 1 60 1 is_stmt 0 view .LVU22
  81 002a FBE7     		b	.L1
  82              	.L6:
  83              		.align	2
  84              	.L5:
  85 002c 00000000 		.word	.LANCHOR0
  86 0030 004C0040 		.word	1073761280
  87              		.cfi_endproc
  88              	.LFE130:
  90              		.section	.text.MX_USART3_UART_Init,"ax",%progbits
  91              		.align	1
  92              		.global	MX_USART3_UART_Init
  93              		.syntax unified
  94              		.thumb
  95              		.thumb_func
  96              		.fpu fpv4-sp-d16
  98              	MX_USART3_UART_Init:
  99              	.LFB131:
  61:Core/Src/usart.c **** /* USART3 init function */
  62:Core/Src/usart.c **** 
  63:Core/Src/usart.c **** void MX_USART3_UART_Init(void)
  64:Core/Src/usart.c **** {
 100              		.loc 1 64 1 is_stmt 1 view -0
 101              		.cfi_startproc
 102              		@ args = 0, pretend = 0, frame = 0
 103              		@ frame_needed = 0, uses_anonymous_args = 0
 104 0000 08B5     		push	{r3, lr}
 105              	.LCFI1:
 106              		.cfi_def_cfa_offset 8
 107              		.cfi_offset 3, -8
 108              		.cfi_offset 14, -4
  65:Core/Src/usart.c **** 
ARM GAS  /tmp/ccSJASU4.s 			page 4


  66:Core/Src/usart.c ****   /* USER CODE BEGIN USART3_Init 0 */
  67:Core/Src/usart.c **** 
  68:Core/Src/usart.c ****   /* USER CODE END USART3_Init 0 */
  69:Core/Src/usart.c **** 
  70:Core/Src/usart.c ****   /* USER CODE BEGIN USART3_Init 1 */
  71:Core/Src/usart.c **** 
  72:Core/Src/usart.c ****   /* USER CODE END USART3_Init 1 */
  73:Core/Src/usart.c ****   huart3.Instance = USART3;
 109              		.loc 1 73 3 view .LVU24
 110              		.loc 1 73 19 is_stmt 0 view .LVU25
 111 0002 0A48     		ldr	r0, .L11
 112 0004 0A4B     		ldr	r3, .L11+4
 113 0006 0360     		str	r3, [r0]
  74:Core/Src/usart.c ****   huart3.Init.BaudRate = 115200;
 114              		.loc 1 74 3 is_stmt 1 view .LVU26
 115              		.loc 1 74 24 is_stmt 0 view .LVU27
 116 0008 4FF4E133 		mov	r3, #115200
 117 000c 4360     		str	r3, [r0, #4]
  75:Core/Src/usart.c ****   huart3.Init.WordLength = UART_WORDLENGTH_8B;
 118              		.loc 1 75 3 is_stmt 1 view .LVU28
 119              		.loc 1 75 26 is_stmt 0 view .LVU29
 120 000e 0023     		movs	r3, #0
 121 0010 8360     		str	r3, [r0, #8]
  76:Core/Src/usart.c ****   huart3.Init.StopBits = UART_STOPBITS_1;
 122              		.loc 1 76 3 is_stmt 1 view .LVU30
 123              		.loc 1 76 24 is_stmt 0 view .LVU31
 124 0012 C360     		str	r3, [r0, #12]
  77:Core/Src/usart.c ****   huart3.Init.Parity = UART_PARITY_NONE;
 125              		.loc 1 77 3 is_stmt 1 view .LVU32
 126              		.loc 1 77 22 is_stmt 0 view .LVU33
 127 0014 0361     		str	r3, [r0, #16]
  78:Core/Src/usart.c ****   huart3.Init.Mode = UART_MODE_TX_RX;
 128              		.loc 1 78 3 is_stmt 1 view .LVU34
 129              		.loc 1 78 20 is_stmt 0 view .LVU35
 130 0016 0C22     		movs	r2, #12
 131 0018 4261     		str	r2, [r0, #20]
  79:Core/Src/usart.c ****   huart3.Init.HwFlowCtl = UART_HWCONTROL_NONE;
 132              		.loc 1 79 3 is_stmt 1 view .LVU36
 133              		.loc 1 79 25 is_stmt 0 view .LVU37
 134 001a 8361     		str	r3, [r0, #24]
  80:Core/Src/usart.c ****   huart3.Init.OverSampling = UART_OVERSAMPLING_16;
 135              		.loc 1 80 3 is_stmt 1 view .LVU38
 136              		.loc 1 80 28 is_stmt 0 view .LVU39
 137 001c C361     		str	r3, [r0, #28]
  81:Core/Src/usart.c ****   if (HAL_UART_Init(&huart3) != HAL_OK)
 138              		.loc 1 81 3 is_stmt 1 view .LVU40
 139              		.loc 1 81 7 is_stmt 0 view .LVU41
 140 001e FFF7FEFF 		bl	HAL_UART_Init
 141              	.LVL2:
 142              		.loc 1 81 6 view .LVU42
 143 0022 00B9     		cbnz	r0, .L10
 144              	.L7:
  82:Core/Src/usart.c ****   {
  83:Core/Src/usart.c ****     Error_Handler();
  84:Core/Src/usart.c ****   }
  85:Core/Src/usart.c ****   /* USER CODE BEGIN USART3_Init 2 */
  86:Core/Src/usart.c **** 
ARM GAS  /tmp/ccSJASU4.s 			page 5


  87:Core/Src/usart.c ****   /* USER CODE END USART3_Init 2 */
  88:Core/Src/usart.c **** 
  89:Core/Src/usart.c **** }
 145              		.loc 1 89 1 view .LVU43
 146 0024 08BD     		pop	{r3, pc}
 147              	.L10:
  83:Core/Src/usart.c ****   }
 148              		.loc 1 83 5 is_stmt 1 view .LVU44
 149 0026 FFF7FEFF 		bl	Error_Handler
 150              	.LVL3:
 151              		.loc 1 89 1 is_stmt 0 view .LVU45
 152 002a FBE7     		b	.L7
 153              	.L12:
 154              		.align	2
 155              	.L11:
 156 002c 00000000 		.word	.LANCHOR1
 157 0030 00480040 		.word	1073760256
 158              		.cfi_endproc
 159              	.LFE131:
 161              		.section	.text.HAL_UART_MspInit,"ax",%progbits
 162              		.align	1
 163              		.global	HAL_UART_MspInit
 164              		.syntax unified
 165              		.thumb
 166              		.thumb_func
 167              		.fpu fpv4-sp-d16
 169              	HAL_UART_MspInit:
 170              	.LVL4:
 171              	.LFB132:
  90:Core/Src/usart.c **** 
  91:Core/Src/usart.c **** void HAL_UART_MspInit(UART_HandleTypeDef* uartHandle)
  92:Core/Src/usart.c **** {
 172              		.loc 1 92 1 is_stmt 1 view -0
 173              		.cfi_startproc
 174              		@ args = 0, pretend = 0, frame = 40
 175              		@ frame_needed = 0, uses_anonymous_args = 0
 176              		.loc 1 92 1 is_stmt 0 view .LVU47
 177 0000 30B5     		push	{r4, r5, lr}
 178              	.LCFI2:
 179              		.cfi_def_cfa_offset 12
 180              		.cfi_offset 4, -12
 181              		.cfi_offset 5, -8
 182              		.cfi_offset 14, -4
 183 0002 8BB0     		sub	sp, sp, #44
 184              	.LCFI3:
 185              		.cfi_def_cfa_offset 56
 186 0004 0446     		mov	r4, r0
  93:Core/Src/usart.c **** 
  94:Core/Src/usart.c ****   GPIO_InitTypeDef GPIO_InitStruct = {0};
 187              		.loc 1 94 3 is_stmt 1 view .LVU48
 188              		.loc 1 94 20 is_stmt 0 view .LVU49
 189 0006 0023     		movs	r3, #0
 190 0008 0593     		str	r3, [sp, #20]
 191 000a 0693     		str	r3, [sp, #24]
 192 000c 0793     		str	r3, [sp, #28]
 193 000e 0893     		str	r3, [sp, #32]
 194 0010 0993     		str	r3, [sp, #36]
ARM GAS  /tmp/ccSJASU4.s 			page 6


  95:Core/Src/usart.c ****   if(uartHandle->Instance==UART4)
 195              		.loc 1 95 3 is_stmt 1 view .LVU50
 196              		.loc 1 95 16 is_stmt 0 view .LVU51
 197 0012 0368     		ldr	r3, [r0]
 198              		.loc 1 95 5 view .LVU52
 199 0014 5A4A     		ldr	r2, .L25
 200 0016 9342     		cmp	r3, r2
 201 0018 04D0     		beq	.L20
  96:Core/Src/usart.c ****   {
  97:Core/Src/usart.c ****   /* USER CODE BEGIN UART4_MspInit 0 */
  98:Core/Src/usart.c **** 
  99:Core/Src/usart.c ****   /* USER CODE END UART4_MspInit 0 */
 100:Core/Src/usart.c ****     /* UART4 clock enable */
 101:Core/Src/usart.c ****     __HAL_RCC_UART4_CLK_ENABLE();
 102:Core/Src/usart.c **** 
 103:Core/Src/usart.c ****     __HAL_RCC_GPIOA_CLK_ENABLE();
 104:Core/Src/usart.c ****     /**UART4 GPIO Configuration
 105:Core/Src/usart.c ****     PA0-WKUP     ------> UART4_TX
 106:Core/Src/usart.c ****     PA1     ------> UART4_RX
 107:Core/Src/usart.c ****     */
 108:Core/Src/usart.c ****     GPIO_InitStruct.Pin = GPIO_PIN_0|GPIO_PIN_1;
 109:Core/Src/usart.c ****     GPIO_InitStruct.Mode = GPIO_MODE_AF_PP;
 110:Core/Src/usart.c ****     GPIO_InitStruct.Pull = GPIO_PULLUP;
 111:Core/Src/usart.c ****     GPIO_InitStruct.Speed = GPIO_SPEED_FREQ_VERY_HIGH;
 112:Core/Src/usart.c ****     GPIO_InitStruct.Alternate = GPIO_AF8_UART4;
 113:Core/Src/usart.c ****     HAL_GPIO_Init(GPIOA, &GPIO_InitStruct);
 114:Core/Src/usart.c **** 
 115:Core/Src/usart.c ****     /* UART4 DMA Init */
 116:Core/Src/usart.c ****     /* UART4_RX Init */
 117:Core/Src/usart.c ****     hdma_uart4_rx.Instance = DMA1_Stream2;
 118:Core/Src/usart.c ****     hdma_uart4_rx.Init.Channel = DMA_CHANNEL_4;
 119:Core/Src/usart.c ****     hdma_uart4_rx.Init.Direction = DMA_PERIPH_TO_MEMORY;
 120:Core/Src/usart.c ****     hdma_uart4_rx.Init.PeriphInc = DMA_PINC_DISABLE;
 121:Core/Src/usart.c ****     hdma_uart4_rx.Init.MemInc = DMA_MINC_ENABLE;
 122:Core/Src/usart.c ****     hdma_uart4_rx.Init.PeriphDataAlignment = DMA_PDATAALIGN_BYTE;
 123:Core/Src/usart.c ****     hdma_uart4_rx.Init.MemDataAlignment = DMA_MDATAALIGN_BYTE;
 124:Core/Src/usart.c ****     hdma_uart4_rx.Init.Mode = DMA_CIRCULAR;
 125:Core/Src/usart.c ****     hdma_uart4_rx.Init.Priority = DMA_PRIORITY_LOW;
 126:Core/Src/usart.c ****     hdma_uart4_rx.Init.FIFOMode = DMA_FIFOMODE_DISABLE;
 127:Core/Src/usart.c ****     if (HAL_DMA_Init(&hdma_uart4_rx) != HAL_OK)
 128:Core/Src/usart.c ****     {
 129:Core/Src/usart.c ****       Error_Handler();
 130:Core/Src/usart.c ****     }
 131:Core/Src/usart.c **** 
 132:Core/Src/usart.c ****     __HAL_LINKDMA(uartHandle,hdmarx,hdma_uart4_rx);
 133:Core/Src/usart.c **** 
 134:Core/Src/usart.c ****     /* UART4 interrupt Init */
 135:Core/Src/usart.c ****     HAL_NVIC_SetPriority(UART4_IRQn, 5, 0);
 136:Core/Src/usart.c ****     HAL_NVIC_EnableIRQ(UART4_IRQn);
 137:Core/Src/usart.c ****   /* USER CODE BEGIN UART4_MspInit 1 */
 138:Core/Src/usart.c **** 
 139:Core/Src/usart.c ****   /* USER CODE END UART4_MspInit 1 */
 140:Core/Src/usart.c ****   }
 141:Core/Src/usart.c ****   else if(uartHandle->Instance==USART3)
 202              		.loc 1 141 8 is_stmt 1 view .LVU53
 203              		.loc 1 141 10 is_stmt 0 view .LVU54
 204 001a 5A4A     		ldr	r2, .L25+4
ARM GAS  /tmp/ccSJASU4.s 			page 7


 205 001c 9342     		cmp	r3, r2
 206 001e 48D0     		beq	.L21
 207              	.LVL5:
 208              	.L13:
 142:Core/Src/usart.c ****   {
 143:Core/Src/usart.c ****   /* USER CODE BEGIN USART3_MspInit 0 */
 144:Core/Src/usart.c **** 
 145:Core/Src/usart.c ****   /* USER CODE END USART3_MspInit 0 */
 146:Core/Src/usart.c ****     /* USART3 clock enable */
 147:Core/Src/usart.c ****     __HAL_RCC_USART3_CLK_ENABLE();
 148:Core/Src/usart.c **** 
 149:Core/Src/usart.c ****     __HAL_RCC_GPIOD_CLK_ENABLE();
 150:Core/Src/usart.c ****     /**USART3 GPIO Configuration
 151:Core/Src/usart.c ****     PD8     ------> USART3_TX
 152:Core/Src/usart.c ****     PD9     ------> USART3_RX
 153:Core/Src/usart.c ****     */
 154:Core/Src/usart.c ****     GPIO_InitStruct.Pin = GPIO_PIN_8|GPIO_PIN_9;
 155:Core/Src/usart.c ****     GPIO_InitStruct.Mode = GPIO_MODE_AF_PP;
 156:Core/Src/usart.c ****     GPIO_InitStruct.Pull = GPIO_NOPULL;
 157:Core/Src/usart.c ****     GPIO_InitStruct.Speed = GPIO_SPEED_FREQ_VERY_HIGH;
 158:Core/Src/usart.c ****     GPIO_InitStruct.Alternate = GPIO_AF7_USART3;
 159:Core/Src/usart.c ****     HAL_GPIO_Init(GPIOD, &GPIO_InitStruct);
 160:Core/Src/usart.c **** 
 161:Core/Src/usart.c ****     /* USART3 DMA Init */
 162:Core/Src/usart.c ****     /* USART3_RX Init */
 163:Core/Src/usart.c ****     hdma_usart3_rx.Instance = DMA1_Stream1;
 164:Core/Src/usart.c ****     hdma_usart3_rx.Init.Channel = DMA_CHANNEL_4;
 165:Core/Src/usart.c ****     hdma_usart3_rx.Init.Direction = DMA_PERIPH_TO_MEMORY;
 166:Core/Src/usart.c ****     hdma_usart3_rx.Init.PeriphInc = DMA_PINC_DISABLE;
 167:Core/Src/usart.c ****     hdma_usart3_rx.Init.MemInc = DMA_MINC_ENABLE;
 168:Core/Src/usart.c ****     hdma_usart3_rx.Init.PeriphDataAlignment = DMA_PDATAALIGN_BYTE;
 169:Core/Src/usart.c ****     hdma_usart3_rx.Init.MemDataAlignment = DMA_MDATAALIGN_BYTE;
 170:Core/Src/usart.c ****     hdma_usart3_rx.Init.Mode = DMA_CIRCULAR;
 171:Core/Src/usart.c ****     hdma_usart3_rx.Init.Priority = DMA_PRIORITY_VERY_HIGH;
 172:Core/Src/usart.c ****     hdma_usart3_rx.Init.FIFOMode = DMA_FIFOMODE_DISABLE;
 173:Core/Src/usart.c ****     if (HAL_DMA_Init(&hdma_usart3_rx) != HAL_OK)
 174:Core/Src/usart.c ****     {
 175:Core/Src/usart.c ****       Error_Handler();
 176:Core/Src/usart.c ****     }
 177:Core/Src/usart.c **** 
 178:Core/Src/usart.c ****     __HAL_LINKDMA(uartHandle,hdmarx,hdma_usart3_rx);
 179:Core/Src/usart.c **** 
 180:Core/Src/usart.c ****     /* USART3_TX Init */
 181:Core/Src/usart.c ****     hdma_usart3_tx.Instance = DMA1_Stream3;
 182:Core/Src/usart.c ****     hdma_usart3_tx.Init.Channel = DMA_CHANNEL_4;
 183:Core/Src/usart.c ****     hdma_usart3_tx.Init.Direction = DMA_MEMORY_TO_PERIPH;
 184:Core/Src/usart.c ****     hdma_usart3_tx.Init.PeriphInc = DMA_PINC_DISABLE;
 185:Core/Src/usart.c ****     hdma_usart3_tx.Init.MemInc = DMA_MINC_ENABLE;
 186:Core/Src/usart.c ****     hdma_usart3_tx.Init.PeriphDataAlignment = DMA_PDATAALIGN_BYTE;
 187:Core/Src/usart.c ****     hdma_usart3_tx.Init.MemDataAlignment = DMA_MDATAALIGN_BYTE;
 188:Core/Src/usart.c ****     hdma_usart3_tx.Init.Mode = DMA_NORMAL;
 189:Core/Src/usart.c ****     hdma_usart3_tx.Init.Priority = DMA_PRIORITY_VERY_HIGH;
 190:Core/Src/usart.c ****     hdma_usart3_tx.Init.FIFOMode = DMA_FIFOMODE_DISABLE;
 191:Core/Src/usart.c ****     if (HAL_DMA_Init(&hdma_usart3_tx) != HAL_OK)
 192:Core/Src/usart.c ****     {
 193:Core/Src/usart.c ****       Error_Handler();
 194:Core/Src/usart.c ****     }
ARM GAS  /tmp/ccSJASU4.s 			page 8


 195:Core/Src/usart.c **** 
 196:Core/Src/usart.c ****     __HAL_LINKDMA(uartHandle,hdmatx,hdma_usart3_tx);
 197:Core/Src/usart.c **** 
 198:Core/Src/usart.c ****     /* USART3 interrupt Init */
 199:Core/Src/usart.c ****     HAL_NVIC_SetPriority(USART3_IRQn, 5, 0);
 200:Core/Src/usart.c ****     HAL_NVIC_EnableIRQ(USART3_IRQn);
 201:Core/Src/usart.c ****   /* USER CODE BEGIN USART3_MspInit 1 */
 202:Core/Src/usart.c **** 
 203:Core/Src/usart.c ****   /* USER CODE END USART3_MspInit 1 */
 204:Core/Src/usart.c ****   }
 205:Core/Src/usart.c **** }
 209              		.loc 1 205 1 view .LVU55
 210 0020 0BB0     		add	sp, sp, #44
 211              	.LCFI4:
 212              		.cfi_remember_state
 213              		.cfi_def_cfa_offset 12
 214              		@ sp needed
 215 0022 30BD     		pop	{r4, r5, pc}
 216              	.LVL6:
 217              	.L20:
 218              	.LCFI5:
 219              		.cfi_restore_state
 101:Core/Src/usart.c **** 
 220              		.loc 1 101 5 is_stmt 1 view .LVU56
 221              	.LBB2:
 101:Core/Src/usart.c **** 
 222              		.loc 1 101 5 view .LVU57
 223 0024 0025     		movs	r5, #0
 224 0026 0195     		str	r5, [sp, #4]
 101:Core/Src/usart.c **** 
 225              		.loc 1 101 5 view .LVU58
 226 0028 574B     		ldr	r3, .L25+8
 227 002a 1A6C     		ldr	r2, [r3, #64]
 228 002c 42F40022 		orr	r2, r2, #524288
 229 0030 1A64     		str	r2, [r3, #64]
 101:Core/Src/usart.c **** 
 230              		.loc 1 101 5 view .LVU59
 231 0032 1A6C     		ldr	r2, [r3, #64]
 232 0034 02F40022 		and	r2, r2, #524288
 233 0038 0192     		str	r2, [sp, #4]
 101:Core/Src/usart.c **** 
 234              		.loc 1 101 5 view .LVU60
 235 003a 019A     		ldr	r2, [sp, #4]
 236              	.LBE2:
 101:Core/Src/usart.c **** 
 237              		.loc 1 101 5 view .LVU61
 103:Core/Src/usart.c ****     /**UART4 GPIO Configuration
 238              		.loc 1 103 5 view .LVU62
 239              	.LBB3:
 103:Core/Src/usart.c ****     /**UART4 GPIO Configuration
 240              		.loc 1 103 5 view .LVU63
 241 003c 0295     		str	r5, [sp, #8]
 103:Core/Src/usart.c ****     /**UART4 GPIO Configuration
 242              		.loc 1 103 5 view .LVU64
 243 003e 1A6B     		ldr	r2, [r3, #48]
 244 0040 42F00102 		orr	r2, r2, #1
 245 0044 1A63     		str	r2, [r3, #48]
ARM GAS  /tmp/ccSJASU4.s 			page 9


 103:Core/Src/usart.c ****     /**UART4 GPIO Configuration
 246              		.loc 1 103 5 view .LVU65
 247 0046 1B6B     		ldr	r3, [r3, #48]
 248 0048 03F00103 		and	r3, r3, #1
 249 004c 0293     		str	r3, [sp, #8]
 103:Core/Src/usart.c ****     /**UART4 GPIO Configuration
 250              		.loc 1 103 5 view .LVU66
 251 004e 029B     		ldr	r3, [sp, #8]
 252              	.LBE3:
 103:Core/Src/usart.c ****     /**UART4 GPIO Configuration
 253              		.loc 1 103 5 view .LVU67
 108:Core/Src/usart.c ****     GPIO_InitStruct.Mode = GPIO_MODE_AF_PP;
 254              		.loc 1 108 5 view .LVU68
 108:Core/Src/usart.c ****     GPIO_InitStruct.Mode = GPIO_MODE_AF_PP;
 255              		.loc 1 108 25 is_stmt 0 view .LVU69
 256 0050 0323     		movs	r3, #3
 257 0052 0593     		str	r3, [sp, #20]
 109:Core/Src/usart.c ****     GPIO_InitStruct.Pull = GPIO_PULLUP;
 258              		.loc 1 109 5 is_stmt 1 view .LVU70
 109:Core/Src/usart.c ****     GPIO_InitStruct.Pull = GPIO_PULLUP;
 259              		.loc 1 109 26 is_stmt 0 view .LVU71
 260 0054 0222     		movs	r2, #2
 261 0056 0692     		str	r2, [sp, #24]
 110:Core/Src/usart.c ****     GPIO_InitStruct.Speed = GPIO_SPEED_FREQ_VERY_HIGH;
 262              		.loc 1 110 5 is_stmt 1 view .LVU72
 110:Core/Src/usart.c ****     GPIO_InitStruct.Speed = GPIO_SPEED_FREQ_VERY_HIGH;
 263              		.loc 1 110 26 is_stmt 0 view .LVU73
 264 0058 0122     		movs	r2, #1
 265 005a 0792     		str	r2, [sp, #28]
 111:Core/Src/usart.c ****     GPIO_InitStruct.Alternate = GPIO_AF8_UART4;
 266              		.loc 1 111 5 is_stmt 1 view .LVU74
 111:Core/Src/usart.c ****     GPIO_InitStruct.Alternate = GPIO_AF8_UART4;
 267              		.loc 1 111 27 is_stmt 0 view .LVU75
 268 005c 0893     		str	r3, [sp, #32]
 112:Core/Src/usart.c ****     HAL_GPIO_Init(GPIOA, &GPIO_InitStruct);
 269              		.loc 1 112 5 is_stmt 1 view .LVU76
 112:Core/Src/usart.c ****     HAL_GPIO_Init(GPIOA, &GPIO_InitStruct);
 270              		.loc 1 112 31 is_stmt 0 view .LVU77
 271 005e 0823     		movs	r3, #8
 272 0060 0993     		str	r3, [sp, #36]
 113:Core/Src/usart.c **** 
 273              		.loc 1 113 5 is_stmt 1 view .LVU78
 274 0062 05A9     		add	r1, sp, #20
 275 0064 4948     		ldr	r0, .L25+12
 276              	.LVL7:
 113:Core/Src/usart.c **** 
 277              		.loc 1 113 5 is_stmt 0 view .LVU79
 278 0066 FFF7FEFF 		bl	HAL_GPIO_Init
 279              	.LVL8:
 117:Core/Src/usart.c ****     hdma_uart4_rx.Init.Channel = DMA_CHANNEL_4;
 280              		.loc 1 117 5 is_stmt 1 view .LVU80
 117:Core/Src/usart.c ****     hdma_uart4_rx.Init.Channel = DMA_CHANNEL_4;
 281              		.loc 1 117 28 is_stmt 0 view .LVU81
 282 006a 4948     		ldr	r0, .L25+16
 283 006c 494B     		ldr	r3, .L25+20
 284 006e 0360     		str	r3, [r0]
 118:Core/Src/usart.c ****     hdma_uart4_rx.Init.Direction = DMA_PERIPH_TO_MEMORY;
ARM GAS  /tmp/ccSJASU4.s 			page 10


 285              		.loc 1 118 5 is_stmt 1 view .LVU82
 118:Core/Src/usart.c ****     hdma_uart4_rx.Init.Direction = DMA_PERIPH_TO_MEMORY;
 286              		.loc 1 118 32 is_stmt 0 view .LVU83
 287 0070 4FF00063 		mov	r3, #134217728
 288 0074 4360     		str	r3, [r0, #4]
 119:Core/Src/usart.c ****     hdma_uart4_rx.Init.PeriphInc = DMA_PINC_DISABLE;
 289              		.loc 1 119 5 is_stmt 1 view .LVU84
 119:Core/Src/usart.c ****     hdma_uart4_rx.Init.PeriphInc = DMA_PINC_DISABLE;
 290              		.loc 1 119 34 is_stmt 0 view .LVU85
 291 0076 8560     		str	r5, [r0, #8]
 120:Core/Src/usart.c ****     hdma_uart4_rx.Init.MemInc = DMA_MINC_ENABLE;
 292              		.loc 1 120 5 is_stmt 1 view .LVU86
 120:Core/Src/usart.c ****     hdma_uart4_rx.Init.MemInc = DMA_MINC_ENABLE;
 293              		.loc 1 120 34 is_stmt 0 view .LVU87
 294 0078 C560     		str	r5, [r0, #12]
 121:Core/Src/usart.c ****     hdma_uart4_rx.Init.PeriphDataAlignment = DMA_PDATAALIGN_BYTE;
 295              		.loc 1 121 5 is_stmt 1 view .LVU88
 121:Core/Src/usart.c ****     hdma_uart4_rx.Init.PeriphDataAlignment = DMA_PDATAALIGN_BYTE;
 296              		.loc 1 121 31 is_stmt 0 view .LVU89
 297 007a 4FF48063 		mov	r3, #1024
 298 007e 0361     		str	r3, [r0, #16]
 122:Core/Src/usart.c ****     hdma_uart4_rx.Init.MemDataAlignment = DMA_MDATAALIGN_BYTE;
 299              		.loc 1 122 5 is_stmt 1 view .LVU90
 122:Core/Src/usart.c ****     hdma_uart4_rx.Init.MemDataAlignment = DMA_MDATAALIGN_BYTE;
 300              		.loc 1 122 44 is_stmt 0 view .LVU91
 301 0080 4561     		str	r5, [r0, #20]
 123:Core/Src/usart.c ****     hdma_uart4_rx.Init.Mode = DMA_CIRCULAR;
 302              		.loc 1 123 5 is_stmt 1 view .LVU92
 123:Core/Src/usart.c ****     hdma_uart4_rx.Init.Mode = DMA_CIRCULAR;
 303              		.loc 1 123 41 is_stmt 0 view .LVU93
 304 0082 8561     		str	r5, [r0, #24]
 124:Core/Src/usart.c ****     hdma_uart4_rx.Init.Priority = DMA_PRIORITY_LOW;
 305              		.loc 1 124 5 is_stmt 1 view .LVU94
 124:Core/Src/usart.c ****     hdma_uart4_rx.Init.Priority = DMA_PRIORITY_LOW;
 306              		.loc 1 124 29 is_stmt 0 view .LVU95
 307 0084 4FF48073 		mov	r3, #256
 308 0088 C361     		str	r3, [r0, #28]
 125:Core/Src/usart.c ****     hdma_uart4_rx.Init.FIFOMode = DMA_FIFOMODE_DISABLE;
 309              		.loc 1 125 5 is_stmt 1 view .LVU96
 125:Core/Src/usart.c ****     hdma_uart4_rx.Init.FIFOMode = DMA_FIFOMODE_DISABLE;
 310              		.loc 1 125 33 is_stmt 0 view .LVU97
 311 008a 0562     		str	r5, [r0, #32]
 126:Core/Src/usart.c ****     if (HAL_DMA_Init(&hdma_uart4_rx) != HAL_OK)
 312              		.loc 1 126 5 is_stmt 1 view .LVU98
 126:Core/Src/usart.c ****     if (HAL_DMA_Init(&hdma_uart4_rx) != HAL_OK)
 313              		.loc 1 126 33 is_stmt 0 view .LVU99
 314 008c 4562     		str	r5, [r0, #36]
 127:Core/Src/usart.c ****     {
 315              		.loc 1 127 5 is_stmt 1 view .LVU100
 127:Core/Src/usart.c ****     {
 316              		.loc 1 127 9 is_stmt 0 view .LVU101
 317 008e FFF7FEFF 		bl	HAL_DMA_Init
 318              	.LVL9:
 127:Core/Src/usart.c ****     {
 319              		.loc 1 127 8 view .LVU102
 320 0092 58B9     		cbnz	r0, .L22
 321              	.L15:
ARM GAS  /tmp/ccSJASU4.s 			page 11


 132:Core/Src/usart.c **** 
 322              		.loc 1 132 5 is_stmt 1 view .LVU103
 132:Core/Src/usart.c **** 
 323              		.loc 1 132 5 view .LVU104
 324 0094 3E4B     		ldr	r3, .L25+16
 325 0096 A363     		str	r3, [r4, #56]
 132:Core/Src/usart.c **** 
 326              		.loc 1 132 5 view .LVU105
 327 0098 9C63     		str	r4, [r3, #56]
 132:Core/Src/usart.c **** 
 328              		.loc 1 132 5 view .LVU106
 135:Core/Src/usart.c ****     HAL_NVIC_EnableIRQ(UART4_IRQn);
 329              		.loc 1 135 5 view .LVU107
 330 009a 0022     		movs	r2, #0
 331 009c 0521     		movs	r1, #5
 332 009e 3420     		movs	r0, #52
 333 00a0 FFF7FEFF 		bl	HAL_NVIC_SetPriority
 334              	.LVL10:
 136:Core/Src/usart.c ****   /* USER CODE BEGIN UART4_MspInit 1 */
 335              		.loc 1 136 5 view .LVU108
 336 00a4 3420     		movs	r0, #52
 337 00a6 FFF7FEFF 		bl	HAL_NVIC_EnableIRQ
 338              	.LVL11:
 339 00aa B9E7     		b	.L13
 340              	.L22:
 129:Core/Src/usart.c ****     }
 341              		.loc 1 129 7 view .LVU109
 342 00ac FFF7FEFF 		bl	Error_Handler
 343              	.LVL12:
 344 00b0 F0E7     		b	.L15
 345              	.LVL13:
 346              	.L21:
 147:Core/Src/usart.c **** 
 347              		.loc 1 147 5 view .LVU110
 348              	.LBB4:
 147:Core/Src/usart.c **** 
 349              		.loc 1 147 5 view .LVU111
 350 00b2 0025     		movs	r5, #0
 351 00b4 0395     		str	r5, [sp, #12]
 147:Core/Src/usart.c **** 
 352              		.loc 1 147 5 view .LVU112
 353 00b6 344B     		ldr	r3, .L25+8
 354 00b8 1A6C     		ldr	r2, [r3, #64]
 355 00ba 42F48022 		orr	r2, r2, #262144
 356 00be 1A64     		str	r2, [r3, #64]
 147:Core/Src/usart.c **** 
 357              		.loc 1 147 5 view .LVU113
 358 00c0 1A6C     		ldr	r2, [r3, #64]
 359 00c2 02F48022 		and	r2, r2, #262144
 360 00c6 0392     		str	r2, [sp, #12]
 147:Core/Src/usart.c **** 
 361              		.loc 1 147 5 view .LVU114
 362 00c8 039A     		ldr	r2, [sp, #12]
 363              	.LBE4:
 147:Core/Src/usart.c **** 
 364              		.loc 1 147 5 view .LVU115
 149:Core/Src/usart.c ****     /**USART3 GPIO Configuration
ARM GAS  /tmp/ccSJASU4.s 			page 12


 365              		.loc 1 149 5 view .LVU116
 366              	.LBB5:
 149:Core/Src/usart.c ****     /**USART3 GPIO Configuration
 367              		.loc 1 149 5 view .LVU117
 368 00ca 0495     		str	r5, [sp, #16]
 149:Core/Src/usart.c ****     /**USART3 GPIO Configuration
 369              		.loc 1 149 5 view .LVU118
 370 00cc 1A6B     		ldr	r2, [r3, #48]
 371 00ce 42F00802 		orr	r2, r2, #8
 372 00d2 1A63     		str	r2, [r3, #48]
 149:Core/Src/usart.c ****     /**USART3 GPIO Configuration
 373              		.loc 1 149 5 view .LVU119
 374 00d4 1B6B     		ldr	r3, [r3, #48]
 375 00d6 03F00803 		and	r3, r3, #8
 376 00da 0493     		str	r3, [sp, #16]
 149:Core/Src/usart.c ****     /**USART3 GPIO Configuration
 377              		.loc 1 149 5 view .LVU120
 378 00dc 049B     		ldr	r3, [sp, #16]
 379              	.LBE5:
 149:Core/Src/usart.c ****     /**USART3 GPIO Configuration
 380              		.loc 1 149 5 view .LVU121
 154:Core/Src/usart.c ****     GPIO_InitStruct.Mode = GPIO_MODE_AF_PP;
 381              		.loc 1 154 5 view .LVU122
 154:Core/Src/usart.c ****     GPIO_InitStruct.Mode = GPIO_MODE_AF_PP;
 382              		.loc 1 154 25 is_stmt 0 view .LVU123
 383 00de 4FF44073 		mov	r3, #768
 384 00e2 0593     		str	r3, [sp, #20]
 155:Core/Src/usart.c ****     GPIO_InitStruct.Pull = GPIO_NOPULL;
 385              		.loc 1 155 5 is_stmt 1 view .LVU124
 155:Core/Src/usart.c ****     GPIO_InitStruct.Pull = GPIO_NOPULL;
 386              		.loc 1 155 26 is_stmt 0 view .LVU125
 387 00e4 0223     		movs	r3, #2
 388 00e6 0693     		str	r3, [sp, #24]
 156:Core/Src/usart.c ****     GPIO_InitStruct.Speed = GPIO_SPEED_FREQ_VERY_HIGH;
 389              		.loc 1 156 5 is_stmt 1 view .LVU126
 157:Core/Src/usart.c ****     GPIO_InitStruct.Alternate = GPIO_AF7_USART3;
 390              		.loc 1 157 5 view .LVU127
 157:Core/Src/usart.c ****     GPIO_InitStruct.Alternate = GPIO_AF7_USART3;
 391              		.loc 1 157 27 is_stmt 0 view .LVU128
 392 00e8 0323     		movs	r3, #3
 393 00ea 0893     		str	r3, [sp, #32]
 158:Core/Src/usart.c ****     HAL_GPIO_Init(GPIOD, &GPIO_InitStruct);
 394              		.loc 1 158 5 is_stmt 1 view .LVU129
 158:Core/Src/usart.c ****     HAL_GPIO_Init(GPIOD, &GPIO_InitStruct);
 395              		.loc 1 158 31 is_stmt 0 view .LVU130
 396 00ec 0723     		movs	r3, #7
 397 00ee 0993     		str	r3, [sp, #36]
 159:Core/Src/usart.c **** 
 398              		.loc 1 159 5 is_stmt 1 view .LVU131
 399 00f0 05A9     		add	r1, sp, #20
 400 00f2 2948     		ldr	r0, .L25+24
 401              	.LVL14:
 159:Core/Src/usart.c **** 
 402              		.loc 1 159 5 is_stmt 0 view .LVU132
 403 00f4 FFF7FEFF 		bl	HAL_GPIO_Init
 404              	.LVL15:
 163:Core/Src/usart.c ****     hdma_usart3_rx.Init.Channel = DMA_CHANNEL_4;
ARM GAS  /tmp/ccSJASU4.s 			page 13


 405              		.loc 1 163 5 is_stmt 1 view .LVU133
 163:Core/Src/usart.c ****     hdma_usart3_rx.Init.Channel = DMA_CHANNEL_4;
 406              		.loc 1 163 29 is_stmt 0 view .LVU134
 407 00f8 2848     		ldr	r0, .L25+28
 408 00fa 294B     		ldr	r3, .L25+32
 409 00fc 0360     		str	r3, [r0]
 164:Core/Src/usart.c ****     hdma_usart3_rx.Init.Direction = DMA_PERIPH_TO_MEMORY;
 410              		.loc 1 164 5 is_stmt 1 view .LVU135
 164:Core/Src/usart.c ****     hdma_usart3_rx.Init.Direction = DMA_PERIPH_TO_MEMORY;
 411              		.loc 1 164 33 is_stmt 0 view .LVU136
 412 00fe 4FF00063 		mov	r3, #134217728
 413 0102 4360     		str	r3, [r0, #4]
 165:Core/Src/usart.c ****     hdma_usart3_rx.Init.PeriphInc = DMA_PINC_DISABLE;
 414              		.loc 1 165 5 is_stmt 1 view .LVU137
 165:Core/Src/usart.c ****     hdma_usart3_rx.Init.PeriphInc = DMA_PINC_DISABLE;
 415              		.loc 1 165 35 is_stmt 0 view .LVU138
 416 0104 8560     		str	r5, [r0, #8]
 166:Core/Src/usart.c ****     hdma_usart3_rx.Init.MemInc = DMA_MINC_ENABLE;
 417              		.loc 1 166 5 is_stmt 1 view .LVU139
 166:Core/Src/usart.c ****     hdma_usart3_rx.Init.MemInc = DMA_MINC_ENABLE;
 418              		.loc 1 166 35 is_stmt 0 view .LVU140
 419 0106 C560     		str	r5, [r0, #12]
 167:Core/Src/usart.c ****     hdma_usart3_rx.Init.PeriphDataAlignment = DMA_PDATAALIGN_BYTE;
 420              		.loc 1 167 5 is_stmt 1 view .LVU141
 167:Core/Src/usart.c ****     hdma_usart3_rx.Init.PeriphDataAlignment = DMA_PDATAALIGN_BYTE;
 421              		.loc 1 167 32 is_stmt 0 view .LVU142
 422 0108 4FF48063 		mov	r3, #1024
 423 010c 0361     		str	r3, [r0, #16]
 168:Core/Src/usart.c ****     hdma_usart3_rx.Init.MemDataAlignment = DMA_MDATAALIGN_BYTE;
 424              		.loc 1 168 5 is_stmt 1 view .LVU143
 168:Core/Src/usart.c ****     hdma_usart3_rx.Init.MemDataAlignment = DMA_MDATAALIGN_BYTE;
 425              		.loc 1 168 45 is_stmt 0 view .LVU144
 426 010e 4561     		str	r5, [r0, #20]
 169:Core/Src/usart.c ****     hdma_usart3_rx.Init.Mode = DMA_CIRCULAR;
 427              		.loc 1 169 5 is_stmt 1 view .LVU145
 169:Core/Src/usart.c ****     hdma_usart3_rx.Init.Mode = DMA_CIRCULAR;
 428              		.loc 1 169 42 is_stmt 0 view .LVU146
 429 0110 8561     		str	r5, [r0, #24]
 170:Core/Src/usart.c ****     hdma_usart3_rx.Init.Priority = DMA_PRIORITY_VERY_HIGH;
 430              		.loc 1 170 5 is_stmt 1 view .LVU147
 170:Core/Src/usart.c ****     hdma_usart3_rx.Init.Priority = DMA_PRIORITY_VERY_HIGH;
 431              		.loc 1 170 30 is_stmt 0 view .LVU148
 432 0112 4FF48073 		mov	r3, #256
 433 0116 C361     		str	r3, [r0, #28]
 171:Core/Src/usart.c ****     hdma_usart3_rx.Init.FIFOMode = DMA_FIFOMODE_DISABLE;
 434              		.loc 1 171 5 is_stmt 1 view .LVU149
 171:Core/Src/usart.c ****     hdma_usart3_rx.Init.FIFOMode = DMA_FIFOMODE_DISABLE;
 435              		.loc 1 171 34 is_stmt 0 view .LVU150
 436 0118 4FF44033 		mov	r3, #196608
 437 011c 0362     		str	r3, [r0, #32]
 172:Core/Src/usart.c ****     if (HAL_DMA_Init(&hdma_usart3_rx) != HAL_OK)
 438              		.loc 1 172 5 is_stmt 1 view .LVU151
 172:Core/Src/usart.c ****     if (HAL_DMA_Init(&hdma_usart3_rx) != HAL_OK)
 439              		.loc 1 172 34 is_stmt 0 view .LVU152
 440 011e 4562     		str	r5, [r0, #36]
 173:Core/Src/usart.c ****     {
 441              		.loc 1 173 5 is_stmt 1 view .LVU153
ARM GAS  /tmp/ccSJASU4.s 			page 14


 173:Core/Src/usart.c ****     {
 442              		.loc 1 173 9 is_stmt 0 view .LVU154
 443 0120 FFF7FEFF 		bl	HAL_DMA_Init
 444              	.LVL16:
 173:Core/Src/usart.c ****     {
 445              		.loc 1 173 8 view .LVU155
 446 0124 28BB     		cbnz	r0, .L23
 447              	.L17:
 178:Core/Src/usart.c **** 
 448              		.loc 1 178 5 is_stmt 1 view .LVU156
 178:Core/Src/usart.c **** 
 449              		.loc 1 178 5 view .LVU157
 450 0126 1D4B     		ldr	r3, .L25+28
 451 0128 A363     		str	r3, [r4, #56]
 178:Core/Src/usart.c **** 
 452              		.loc 1 178 5 view .LVU158
 453 012a 9C63     		str	r4, [r3, #56]
 178:Core/Src/usart.c **** 
 454              		.loc 1 178 5 view .LVU159
 181:Core/Src/usart.c ****     hdma_usart3_tx.Init.Channel = DMA_CHANNEL_4;
 455              		.loc 1 181 5 view .LVU160
 181:Core/Src/usart.c ****     hdma_usart3_tx.Init.Channel = DMA_CHANNEL_4;
 456              		.loc 1 181 29 is_stmt 0 view .LVU161
 457 012c 1D48     		ldr	r0, .L25+36
 458 012e 1E4B     		ldr	r3, .L25+40
 459 0130 0360     		str	r3, [r0]
 182:Core/Src/usart.c ****     hdma_usart3_tx.Init.Direction = DMA_MEMORY_TO_PERIPH;
 460              		.loc 1 182 5 is_stmt 1 view .LVU162
 182:Core/Src/usart.c ****     hdma_usart3_tx.Init.Direction = DMA_MEMORY_TO_PERIPH;
 461              		.loc 1 182 33 is_stmt 0 view .LVU163
 462 0132 4FF00063 		mov	r3, #134217728
 463 0136 4360     		str	r3, [r0, #4]
 183:Core/Src/usart.c ****     hdma_usart3_tx.Init.PeriphInc = DMA_PINC_DISABLE;
 464              		.loc 1 183 5 is_stmt 1 view .LVU164
 183:Core/Src/usart.c ****     hdma_usart3_tx.Init.PeriphInc = DMA_PINC_DISABLE;
 465              		.loc 1 183 35 is_stmt 0 view .LVU165
 466 0138 4023     		movs	r3, #64
 467 013a 8360     		str	r3, [r0, #8]
 184:Core/Src/usart.c ****     hdma_usart3_tx.Init.MemInc = DMA_MINC_ENABLE;
 468              		.loc 1 184 5 is_stmt 1 view .LVU166
 184:Core/Src/usart.c ****     hdma_usart3_tx.Init.MemInc = DMA_MINC_ENABLE;
 469              		.loc 1 184 35 is_stmt 0 view .LVU167
 470 013c 0023     		movs	r3, #0
 471 013e C360     		str	r3, [r0, #12]
 185:Core/Src/usart.c ****     hdma_usart3_tx.Init.PeriphDataAlignment = DMA_PDATAALIGN_BYTE;
 472              		.loc 1 185 5 is_stmt 1 view .LVU168
 185:Core/Src/usart.c ****     hdma_usart3_tx.Init.PeriphDataAlignment = DMA_PDATAALIGN_BYTE;
 473              		.loc 1 185 32 is_stmt 0 view .LVU169
 474 0140 4FF48062 		mov	r2, #1024
 475 0144 0261     		str	r2, [r0, #16]
 186:Core/Src/usart.c ****     hdma_usart3_tx.Init.MemDataAlignment = DMA_MDATAALIGN_BYTE;
 476              		.loc 1 186 5 is_stmt 1 view .LVU170
 186:Core/Src/usart.c ****     hdma_usart3_tx.Init.MemDataAlignment = DMA_MDATAALIGN_BYTE;
 477              		.loc 1 186 45 is_stmt 0 view .LVU171
 478 0146 4361     		str	r3, [r0, #20]
 187:Core/Src/usart.c ****     hdma_usart3_tx.Init.Mode = DMA_NORMAL;
 479              		.loc 1 187 5 is_stmt 1 view .LVU172
ARM GAS  /tmp/ccSJASU4.s 			page 15


 187:Core/Src/usart.c ****     hdma_usart3_tx.Init.Mode = DMA_NORMAL;
 480              		.loc 1 187 42 is_stmt 0 view .LVU173
 481 0148 8361     		str	r3, [r0, #24]
 188:Core/Src/usart.c ****     hdma_usart3_tx.Init.Priority = DMA_PRIORITY_VERY_HIGH;
 482              		.loc 1 188 5 is_stmt 1 view .LVU174
 188:Core/Src/usart.c ****     hdma_usart3_tx.Init.Priority = DMA_PRIORITY_VERY_HIGH;
 483              		.loc 1 188 30 is_stmt 0 view .LVU175
 484 014a C361     		str	r3, [r0, #28]
 189:Core/Src/usart.c ****     hdma_usart3_tx.Init.FIFOMode = DMA_FIFOMODE_DISABLE;
 485              		.loc 1 189 5 is_stmt 1 view .LVU176
 189:Core/Src/usart.c ****     hdma_usart3_tx.Init.FIFOMode = DMA_FIFOMODE_DISABLE;
 486              		.loc 1 189 34 is_stmt 0 view .LVU177
 487 014c 4FF44032 		mov	r2, #196608
 488 0150 0262     		str	r2, [r0, #32]
 190:Core/Src/usart.c ****     if (HAL_DMA_Init(&hdma_usart3_tx) != HAL_OK)
 489              		.loc 1 190 5 is_stmt 1 view .LVU178
 190:Core/Src/usart.c ****     if (HAL_DMA_Init(&hdma_usart3_tx) != HAL_OK)
 490              		.loc 1 190 34 is_stmt 0 view .LVU179
 491 0152 4362     		str	r3, [r0, #36]
 191:Core/Src/usart.c ****     {
 492              		.loc 1 191 5 is_stmt 1 view .LVU180
 191:Core/Src/usart.c ****     {
 493              		.loc 1 191 9 is_stmt 0 view .LVU181
 494 0154 FFF7FEFF 		bl	HAL_DMA_Init
 495              	.LVL17:
 191:Core/Src/usart.c ****     {
 496              		.loc 1 191 8 view .LVU182
 497 0158 70B9     		cbnz	r0, .L24
 498              	.L18:
 196:Core/Src/usart.c **** 
 499              		.loc 1 196 5 is_stmt 1 view .LVU183
 196:Core/Src/usart.c **** 
 500              		.loc 1 196 5 view .LVU184
 501 015a 124B     		ldr	r3, .L25+36
 502 015c 6363     		str	r3, [r4, #52]
 196:Core/Src/usart.c **** 
 503              		.loc 1 196 5 view .LVU185
 504 015e 9C63     		str	r4, [r3, #56]
 196:Core/Src/usart.c **** 
 505              		.loc 1 196 5 view .LVU186
 199:Core/Src/usart.c ****     HAL_NVIC_EnableIRQ(USART3_IRQn);
 506              		.loc 1 199 5 view .LVU187
 507 0160 0022     		movs	r2, #0
 508 0162 0521     		movs	r1, #5
 509 0164 2720     		movs	r0, #39
 510 0166 FFF7FEFF 		bl	HAL_NVIC_SetPriority
 511              	.LVL18:
 200:Core/Src/usart.c ****   /* USER CODE BEGIN USART3_MspInit 1 */
 512              		.loc 1 200 5 view .LVU188
 513 016a 2720     		movs	r0, #39
 514 016c FFF7FEFF 		bl	HAL_NVIC_EnableIRQ
 515              	.LVL19:
 516              		.loc 1 205 1 is_stmt 0 view .LVU189
 517 0170 56E7     		b	.L13
 518              	.L23:
 175:Core/Src/usart.c ****     }
 519              		.loc 1 175 7 is_stmt 1 view .LVU190
ARM GAS  /tmp/ccSJASU4.s 			page 16


 520 0172 FFF7FEFF 		bl	Error_Handler
 521              	.LVL20:
 522 0176 D6E7     		b	.L17
 523              	.L24:
 193:Core/Src/usart.c ****     }
 524              		.loc 1 193 7 view .LVU191
 525 0178 FFF7FEFF 		bl	Error_Handler
 526              	.LVL21:
 527 017c EDE7     		b	.L18
 528              	.L26:
 529 017e 00BF     		.align	2
 530              	.L25:
 531 0180 004C0040 		.word	1073761280
 532 0184 00480040 		.word	1073760256
 533 0188 00380240 		.word	1073887232
 534 018c 00000240 		.word	1073872896
 535 0190 00000000 		.word	.LANCHOR2
 536 0194 40600240 		.word	1073897536
 537 0198 000C0240 		.word	1073875968
 538 019c 00000000 		.word	.LANCHOR3
 539 01a0 28600240 		.word	1073897512
 540 01a4 00000000 		.word	.LANCHOR4
 541 01a8 58600240 		.word	1073897560
 542              		.cfi_endproc
 543              	.LFE132:
 545              		.section	.text.HAL_UART_MspDeInit,"ax",%progbits
 546              		.align	1
 547              		.global	HAL_UART_MspDeInit
 548              		.syntax unified
 549              		.thumb
 550              		.thumb_func
 551              		.fpu fpv4-sp-d16
 553              	HAL_UART_MspDeInit:
 554              	.LVL22:
 555              	.LFB133:
 206:Core/Src/usart.c **** 
 207:Core/Src/usart.c **** void HAL_UART_MspDeInit(UART_HandleTypeDef* uartHandle)
 208:Core/Src/usart.c **** {
 556              		.loc 1 208 1 view -0
 557              		.cfi_startproc
 558              		@ args = 0, pretend = 0, frame = 0
 559              		@ frame_needed = 0, uses_anonymous_args = 0
 560              		.loc 1 208 1 is_stmt 0 view .LVU193
 561 0000 10B5     		push	{r4, lr}
 562              	.LCFI6:
 563              		.cfi_def_cfa_offset 8
 564              		.cfi_offset 4, -8
 565              		.cfi_offset 14, -4
 566 0002 0446     		mov	r4, r0
 209:Core/Src/usart.c **** 
 210:Core/Src/usart.c ****   if(uartHandle->Instance==UART4)
 567              		.loc 1 210 3 is_stmt 1 view .LVU194
 568              		.loc 1 210 16 is_stmt 0 view .LVU195
 569 0004 0368     		ldr	r3, [r0]
 570              		.loc 1 210 5 view .LVU196
 571 0006 164A     		ldr	r2, .L33
 572 0008 9342     		cmp	r3, r2
ARM GAS  /tmp/ccSJASU4.s 			page 17


 573 000a 03D0     		beq	.L31
 211:Core/Src/usart.c ****   {
 212:Core/Src/usart.c ****   /* USER CODE BEGIN UART4_MspDeInit 0 */
 213:Core/Src/usart.c **** 
 214:Core/Src/usart.c ****   /* USER CODE END UART4_MspDeInit 0 */
 215:Core/Src/usart.c ****     /* Peripheral clock disable */
 216:Core/Src/usart.c ****     __HAL_RCC_UART4_CLK_DISABLE();
 217:Core/Src/usart.c **** 
 218:Core/Src/usart.c ****     /**UART4 GPIO Configuration
 219:Core/Src/usart.c ****     PA0-WKUP     ------> UART4_TX
 220:Core/Src/usart.c ****     PA1     ------> UART4_RX
 221:Core/Src/usart.c ****     */
 222:Core/Src/usart.c ****     HAL_GPIO_DeInit(GPIOA, GPIO_PIN_0|GPIO_PIN_1);
 223:Core/Src/usart.c **** 
 224:Core/Src/usart.c ****     /* UART4 DMA DeInit */
 225:Core/Src/usart.c ****     HAL_DMA_DeInit(uartHandle->hdmarx);
 226:Core/Src/usart.c **** 
 227:Core/Src/usart.c ****     /* UART4 interrupt Deinit */
 228:Core/Src/usart.c ****     HAL_NVIC_DisableIRQ(UART4_IRQn);
 229:Core/Src/usart.c ****   /* USER CODE BEGIN UART4_MspDeInit 1 */
 230:Core/Src/usart.c **** 
 231:Core/Src/usart.c ****   /* USER CODE END UART4_MspDeInit 1 */
 232:Core/Src/usart.c ****   }
 233:Core/Src/usart.c ****   else if(uartHandle->Instance==USART3)
 574              		.loc 1 233 8 is_stmt 1 view .LVU197
 575              		.loc 1 233 10 is_stmt 0 view .LVU198
 576 000c 154A     		ldr	r2, .L33+4
 577 000e 9342     		cmp	r3, r2
 578 0010 11D0     		beq	.L32
 579              	.LVL23:
 580              	.L27:
 234:Core/Src/usart.c ****   {
 235:Core/Src/usart.c ****   /* USER CODE BEGIN USART3_MspDeInit 0 */
 236:Core/Src/usart.c **** 
 237:Core/Src/usart.c ****   /* USER CODE END USART3_MspDeInit 0 */
 238:Core/Src/usart.c ****     /* Peripheral clock disable */
 239:Core/Src/usart.c ****     __HAL_RCC_USART3_CLK_DISABLE();
 240:Core/Src/usart.c **** 
 241:Core/Src/usart.c ****     /**USART3 GPIO Configuration
 242:Core/Src/usart.c ****     PD8     ------> USART3_TX
 243:Core/Src/usart.c ****     PD9     ------> USART3_RX
 244:Core/Src/usart.c ****     */
 245:Core/Src/usart.c ****     HAL_GPIO_DeInit(GPIOD, GPIO_PIN_8|GPIO_PIN_9);
 246:Core/Src/usart.c **** 
 247:Core/Src/usart.c ****     /* USART3 DMA DeInit */
 248:Core/Src/usart.c ****     HAL_DMA_DeInit(uartHandle->hdmarx);
 249:Core/Src/usart.c ****     HAL_DMA_DeInit(uartHandle->hdmatx);
 250:Core/Src/usart.c **** 
 251:Core/Src/usart.c ****     /* USART3 interrupt Deinit */
 252:Core/Src/usart.c ****     HAL_NVIC_DisableIRQ(USART3_IRQn);
 253:Core/Src/usart.c ****   /* USER CODE BEGIN USART3_MspDeInit 1 */
 254:Core/Src/usart.c **** 
 255:Core/Src/usart.c ****   /* USER CODE END USART3_MspDeInit 1 */
 256:Core/Src/usart.c ****   }
 257:Core/Src/usart.c **** }
 581              		.loc 1 257 1 view .LVU199
 582 0012 10BD     		pop	{r4, pc}
ARM GAS  /tmp/ccSJASU4.s 			page 18


 583              	.LVL24:
 584              	.L31:
 216:Core/Src/usart.c **** 
 585              		.loc 1 216 5 is_stmt 1 view .LVU200
 586 0014 02F5F632 		add	r2, r2, #125952
 587 0018 136C     		ldr	r3, [r2, #64]
 588 001a 23F40023 		bic	r3, r3, #524288
 589 001e 1364     		str	r3, [r2, #64]
 222:Core/Src/usart.c **** 
 590              		.loc 1 222 5 view .LVU201
 591 0020 0321     		movs	r1, #3
 592 0022 1148     		ldr	r0, .L33+8
 593              	.LVL25:
 222:Core/Src/usart.c **** 
 594              		.loc 1 222 5 is_stmt 0 view .LVU202
 595 0024 FFF7FEFF 		bl	HAL_GPIO_DeInit
 596              	.LVL26:
 225:Core/Src/usart.c **** 
 597              		.loc 1 225 5 is_stmt 1 view .LVU203
 598 0028 A06B     		ldr	r0, [r4, #56]
 599 002a FFF7FEFF 		bl	HAL_DMA_DeInit
 600              	.LVL27:
 228:Core/Src/usart.c ****   /* USER CODE BEGIN UART4_MspDeInit 1 */
 601              		.loc 1 228 5 view .LVU204
 602 002e 3420     		movs	r0, #52
 603 0030 FFF7FEFF 		bl	HAL_NVIC_DisableIRQ
 604              	.LVL28:
 605 0034 EDE7     		b	.L27
 606              	.LVL29:
 607              	.L32:
 239:Core/Src/usart.c **** 
 608              		.loc 1 239 5 view .LVU205
 609 0036 02F5F832 		add	r2, r2, #126976
 610 003a 136C     		ldr	r3, [r2, #64]
 611 003c 23F48023 		bic	r3, r3, #262144
 612 0040 1364     		str	r3, [r2, #64]
 245:Core/Src/usart.c **** 
 613              		.loc 1 245 5 view .LVU206
 614 0042 4FF44071 		mov	r1, #768
 615 0046 0948     		ldr	r0, .L33+12
 616              	.LVL30:
 245:Core/Src/usart.c **** 
 617              		.loc 1 245 5 is_stmt 0 view .LVU207
 618 0048 FFF7FEFF 		bl	HAL_GPIO_DeInit
 619              	.LVL31:
 248:Core/Src/usart.c ****     HAL_DMA_DeInit(uartHandle->hdmatx);
 620              		.loc 1 248 5 is_stmt 1 view .LVU208
 621 004c A06B     		ldr	r0, [r4, #56]
 622 004e FFF7FEFF 		bl	HAL_DMA_DeInit
 623              	.LVL32:
 249:Core/Src/usart.c **** 
 624              		.loc 1 249 5 view .LVU209
 625 0052 606B     		ldr	r0, [r4, #52]
 626 0054 FFF7FEFF 		bl	HAL_DMA_DeInit
 627              	.LVL33:
 252:Core/Src/usart.c ****   /* USER CODE BEGIN USART3_MspDeInit 1 */
 628              		.loc 1 252 5 view .LVU210
ARM GAS  /tmp/ccSJASU4.s 			page 19


 629 0058 2720     		movs	r0, #39
 630 005a FFF7FEFF 		bl	HAL_NVIC_DisableIRQ
 631              	.LVL34:
 632              		.loc 1 257 1 is_stmt 0 view .LVU211
 633 005e D8E7     		b	.L27
 634              	.L34:
 635              		.align	2
 636              	.L33:
 637 0060 004C0040 		.word	1073761280
 638 0064 00480040 		.word	1073760256
 639 0068 00000240 		.word	1073872896
 640 006c 000C0240 		.word	1073875968
 641              		.cfi_endproc
 642              	.LFE133:
 644              		.global	hdma_usart3_tx
 645              		.global	hdma_usart3_rx
 646              		.global	hdma_uart4_rx
 647              		.global	huart3
 648              		.global	huart4
 649              		.section	.bss.hdma_uart4_rx,"aw",%nobits
 650              		.align	2
 651              		.set	.LANCHOR2,. + 0
 654              	hdma_uart4_rx:
 655 0000 00000000 		.space	96
 655      00000000 
 655      00000000 
 655      00000000 
 655      00000000 
 656              		.section	.bss.hdma_usart3_rx,"aw",%nobits
 657              		.align	2
 658              		.set	.LANCHOR3,. + 0
 661              	hdma_usart3_rx:
 662 0000 00000000 		.space	96
 662      00000000 
 662      00000000 
 662      00000000 
 662      00000000 
 663              		.section	.bss.hdma_usart3_tx,"aw",%nobits
 664              		.align	2
 665              		.set	.LANCHOR4,. + 0
 668              	hdma_usart3_tx:
 669 0000 00000000 		.space	96
 669      00000000 
 669      00000000 
 669      00000000 
 669      00000000 
 670              		.section	.bss.huart3,"aw",%nobits
 671              		.align	2
 672              		.set	.LANCHOR1,. + 0
 675              	huart3:
 676 0000 00000000 		.space	68
 676      00000000 
 676      00000000 
 676      00000000 
 676      00000000 
 677              		.section	.bss.huart4,"aw",%nobits
 678              		.align	2
ARM GAS  /tmp/ccSJASU4.s 			page 20


 679              		.set	.LANCHOR0,. + 0
 682              	huart4:
 683 0000 00000000 		.space	68
 683      00000000 
 683      00000000 
 683      00000000 
 683      00000000 
 684              		.text
 685              	.Letext0:
 686              		.file 2 "/usr/lib/gcc/arm-none-eabi/10.3.1/include/stdint.h"
 687              		.file 3 "Drivers/CMSIS/Device/ST/STM32F4xx/Include/stm32f407xx.h"
 688              		.file 4 "Drivers/STM32F4xx_HAL_Driver/Inc/stm32f4xx_hal_def.h"
 689              		.file 5 "Drivers/STM32F4xx_HAL_Driver/Inc/stm32f4xx_hal_gpio.h"
 690              		.file 6 "Drivers/STM32F4xx_HAL_Driver/Inc/stm32f4xx_hal_dma.h"
 691              		.file 7 "Drivers/STM32F4xx_HAL_Driver/Inc/stm32f4xx_hal_uart.h"
 692              		.file 8 "Core/Inc/usart.h"
 693              		.file 9 "Drivers/STM32F4xx_HAL_Driver/Inc/stm32f4xx_hal_cortex.h"
 694              		.file 10 "Core/Inc/main.h"
ARM GAS  /tmp/ccSJASU4.s 			page 21


DEFINED SYMBOLS
                            *ABS*:0000000000000000 usart.c
     /tmp/ccSJASU4.s:18     .text.MX_UART4_Init:0000000000000000 $t
     /tmp/ccSJASU4.s:26     .text.MX_UART4_Init:0000000000000000 MX_UART4_Init
     /tmp/ccSJASU4.s:85     .text.MX_UART4_Init:000000000000002c $d
     /tmp/ccSJASU4.s:91     .text.MX_USART3_UART_Init:0000000000000000 $t
     /tmp/ccSJASU4.s:98     .text.MX_USART3_UART_Init:0000000000000000 MX_USART3_UART_Init
     /tmp/ccSJASU4.s:156    .text.MX_USART3_UART_Init:000000000000002c $d
     /tmp/ccSJASU4.s:162    .text.HAL_UART_MspInit:0000000000000000 $t
     /tmp/ccSJASU4.s:169    .text.HAL_UART_MspInit:0000000000000000 HAL_UART_MspInit
     /tmp/ccSJASU4.s:531    .text.HAL_UART_MspInit:0000000000000180 $d
     /tmp/ccSJASU4.s:546    .text.HAL_UART_MspDeInit:0000000000000000 $t
     /tmp/ccSJASU4.s:553    .text.HAL_UART_MspDeInit:0000000000000000 HAL_UART_MspDeInit
     /tmp/ccSJASU4.s:637    .text.HAL_UART_MspDeInit:0000000000000060 $d
     /tmp/ccSJASU4.s:668    .bss.hdma_usart3_tx:0000000000000000 hdma_usart3_tx
     /tmp/ccSJASU4.s:661    .bss.hdma_usart3_rx:0000000000000000 hdma_usart3_rx
     /tmp/ccSJASU4.s:654    .bss.hdma_uart4_rx:0000000000000000 hdma_uart4_rx
     /tmp/ccSJASU4.s:675    .bss.huart3:0000000000000000 huart3
     /tmp/ccSJASU4.s:682    .bss.huart4:0000000000000000 huart4
     /tmp/ccSJASU4.s:650    .bss.hdma_uart4_rx:0000000000000000 $d
     /tmp/ccSJASU4.s:657    .bss.hdma_usart3_rx:0000000000000000 $d
     /tmp/ccSJASU4.s:664    .bss.hdma_usart3_tx:0000000000000000 $d
     /tmp/ccSJASU4.s:671    .bss.huart3:0000000000000000 $d
     /tmp/ccSJASU4.s:678    .bss.huart4:0000000000000000 $d

UNDEFINED SYMBOLS
HAL_UART_Init
Error_Handler
HAL_GPIO_Init
HAL_DMA_Init
HAL_NVIC_SetPriority
HAL_NVIC_EnableIRQ
HAL_GPIO_DeInit
HAL_DMA_DeInit
HAL_NVIC_DisableIRQ
